[0410/020728.634:ERROR:minidumpwritedump_with_crashpad_info.cc(435)] Failed to call MiniDumpWriteDump: Only part of a ReadProcessMemory or WriteProcessMemory request was completed. (0x8007012B)
[0410/020728.760:ERROR:minidumpwritedump_with_crashpad_info.cc(608)] Failed to write minidump file
[0410/020728.930:ERROR:crash_report_exception_handler.cc(122)] TryMiniDumpWriteDumpWithCrashpadInfo failed
[0410/020729.052:ERROR:process_memory_win.cc(73)] ReadMemory at 0x7ff7c9e90000 of 64 bytes failed: Only part of a ReadProcessMemory or WriteProcessMemory request was completed. (0x12B)
[0410/020729.052:WARNING:pe_image_reader.cc(340)] could not read dos header from C:\Program Files (x86)\Microsoft\Edge\Application\msedge.exe
[0410/020729.052:ERROR:process_memory_win.cc(73)] ReadMemory at 0x7ffed86d0000 of 64 bytes failed: Only part of a ReadProcessMemory or WriteProcessMemory request was completed. (0x12B)
[0410/020729.060:WARNING:pe_image_reader.cc(340)] could not read dos header from C:\WINDOWS\SYSTEM32\ntdll.dll
[0410/020729.061:ERROR:process_memory_win.cc(73)] ReadMemory at 0x7ffed7e60000 of 64 bytes failed: Only part of a ReadProcessMemory or WriteProcessMemory request was completed. (0x12B)
[0410/020729.061:WARNING:pe_image_reader.cc(340)] could not read dos header from C:\WINDOWS\System32\KERNEL32.DLL
[0410/020729.061:ERROR:process_memory_win.cc(73)] ReadMemory at 0x7ffed5e10000 of 64 bytes failed: Only part of a ReadProcessMemory or WriteProcessMemory request was completed. (0x12B)
[0410/020729.061:WARNING:pe_image_reader.cc(340)] could not read dos header from C:\WINDOWS\System32\KERNELBASE.dll
[0410/020729.061:ERROR:process_memory_win.cc(73)] ReadMemory at 0x7ffed3e80000 of 64 bytes failed: Only part of a ReadProcessMemory or WriteProcessMemory request was completed. (0x12B)
[0410/020729.061:WARNING:pe_image_reader.cc(340)] could not read dos header from C:\WINDOWS\SYSTEM32\VERSION.dll
[0410/020729.061:ERROR:process_memory_win.cc(73)] ReadMemory at 0x7ffed73d0000 of 64 bytes failed: Only part of a ReadProcessMemory or WriteProcessMemory request was completed. (0x12B)
[0410/020729.061:WARNING:pe_image_reader.cc(340)] could not read dos header from C:\WINDOWS\System32\msvcrt.dll
[0410/020729.061:ERROR:process_memory_win.cc(73)] ReadMemory at 0x1b0ceb40000 of 64 bytes failed: Only part of a ReadProcessMemory or WriteProcessMemory request was completed. (0x12B)
[0410/020729.061:WARNING:pe_image_reader.cc(340)] could not read dos header from C:\WINDOWS\System32\ADVAPI32.dll
[0410/020729.061:ERROR:process_memory_win.cc(73)] ReadMemory at 0x7ffed85e0000 of 64 bytes failed: Only part of a ReadProcessMemory or WriteProcessMemory request was completed. (0x12B)
[0410/020729.061:WARNING:pe_image_reader.cc(340)] could not read dos header from C:\WINDOWS\System32\sechost.dll
[0410/020729.061:ERROR:process_memory_win.cc(73)] ReadMemory at 0x7ffed6900000 of 64 bytes failed: Only part of a ReadProcessMemory or WriteProcessMemory request was completed. (0x12B)
[0410/020729.061:WARNING:pe_image_reader.cc(340)] could not read dos header from C:\WINDOWS\System32\RPCRT4.dll
[0410/020729.061:ERROR:process_memory_win.cc(73)] ReadMemory at 0x7ffe8fa70000 of 64 bytes failed: Only part of a ReadProcessMemory or WriteProcessMemory request was completed. (0x12B)
[0410/020729.061:WARNING:pe_image_reader.cc(340)] could not read dos header from C:\Program Files (x86)\Microsoft\Edge\Application\80.0.361.111\msedge.dll
[0410/020729.062:ERROR:process_memory_win.cc(73)] ReadMemory at 0x7ffed7ca0000 of 64 bytes failed: Only part of a ReadProcessMemory or WriteProcessMemory request was completed. (0x12B)
[0410/020729.062:WARNING:pe_image_reader.cc(340)] could not read dos header from C:\WINDOWS\System32\WS2_32.dll
[0410/020729.062:ERROR:process_memory_win.cc(73)] ReadMemory at 0x7ffed6730000 of 64 bytes failed: Only part of a ReadProcessMemory or WriteProcessMemory request was completed. (0x12B)
[0410/020729.062:WARNING:pe_image_reader.cc(340)] could not read dos header from C:\WINDOWS\System32\OLEAUT32.dll
[0410/020729.062:ERROR:process_memory_win.cc(73)] ReadMemory at 0x7ffed60e0000 of 64 bytes failed: Only part of a ReadProcessMemory or WriteProcessMemory request was completed. (0x12B)
[0410/020729.062:WARNING:pe_image_reader.cc(340)] could not read dos header from C:\WINDOWS\System32\msvcp_win.dll
[0410/020729.062:ERROR:process_memory_win.cc(73)] ReadMemory at 0x7ffed6370000 of 64 bytes failed: Only part of a ReadProcessMemory or WriteProcessMemory request was completed. (0x12B)
[0410/020729.062:WARNING:pe_image_reader.cc(340)] could not read dos header from C:\WINDOWS\System32\ucrtbase.dll
[0410/020729.062:ERROR:process_memory_win.cc(73)] ReadMemory at 0x7ffed7fd0000 of 64 bytes failed: Only part of a ReadProcessMemory or WriteProcessMemory request was completed. (0x12B)
[0410/020729.062:WARNING:pe_image_reader.cc(340)] could not read dos header from C:\WINDOWS\System32\combase.dll
[0410/020729.062:ERROR:process_memory_win.cc(73)] ReadMemory at 0x7ffed6180000 of 64 bytes failed: Only part of a ReadProcessMemory or WriteProcessMemory request was completed. (0x12B)
[0410/020729.062:WARNING:pe_image_reader.cc(340)] could not read dos header from C:\WINDOWS\System32\WINTRUST.dll
[0410/020729.062:ERROR:process_memory_win.cc(73)] ReadMemory at 0x7ffed61e0000 of 64 bytes failed: Only part of a ReadProcessMemory or WriteProcessMemory request was completed. (0x12B)
[0410/020729.062:WARNING:pe_image_reader.cc(340)] could not read dos header from C:\WINDOWS\System32\CRYPT32.dll
[0410/020729.062:ERROR:process_memory_win.cc(73)] ReadMemory at 0x7ffed5230000 of 64 bytes failed: Only part of a ReadProcessMemory or WriteProcessMemory request was completed. (0x12B)
[0410/020729.062:WARNING:pe_image_reader.cc(340)] could not read dos header from C:\WINDOWS\SYSTEM32\IPHLPAPI.DLL
[0410/020729.062:ERROR:process_memory_win.cc(73)] ReadMemory at 0x7ffec76b0000 of 64 bytes failed: Only part of a ReadProcessMemory or WriteProcessMemory request was completed. (0x12B)
[0410/020729.062:WARNING:pe_image_reader.cc(340)] could not read dos header from C:\WINDOWS\SYSTEM32\WINMM.dll
[0410/020729.062:ERROR:process_memory_win.cc(73)] ReadMemory at 0x7ffebe0d0000 of 64 bytes failed: Only part of a ReadProcessMemory or WriteProcessMemory request was completed. (0x12B)
[0410/020729.062:WARNING:pe_image_reader.cc(340)] could not read dos header from C:\WINDOWS\SYSTEM32\Secur32.dll
[0410/020729.062:ERROR:process_memory_win.cc(73)] ReadMemory at 0x7ffed5cd0000 of 64 bytes failed: Only part of a ReadProcessMemory or WriteProcessMemory request was completed. (0x12B)
[0410/020729.062:WARNING:pe_image_reader.cc(340)] could not read dos header from C:\WINDOWS\SYSTEM32\USERENV.dll
[0410/020729.062:ERROR:process_memory_win.cc(73)] ReadMemory at 0x7ffeacd10000 of 64 bytes failed: Only part of a ReadProcessMemory or WriteProcessMemory request was completed. (0x12B)
[0410/020729.062:WARNING:pe_image_reader.cc(340)] could not read dos header from C:\WINDOWS\SYSTEM32\UIAutomationCore.DLL
[0410/020729.062:ERROR:process_memory_win.cc(73)] ReadMemory at 0x7ffed1aa0000 of 64 bytes failed: Only part of a ReadProcessMemory or WriteProcessMemory request was completed. (0x12B)
[0410/020729.062:WARNING:pe_image_reader.cc(340)] could not read dos header from C:\WINDOWS\SYSTEM32\WINHTTP.dll
[0410/020729.062:ERROR:process_memory_win.cc(73)] ReadMemory at 0x7ffeb6ad0000 of 64 bytes failed: Only part of a ReadProcessMemory or WriteProcessMemory request was completed. (0x12B)
[0410/020729.062:WARNING:pe_image_reader.cc(340)] could not read dos header from C:\WINDOWS\SYSTEM32\DWrite.dll
[0410/020729.062:ERROR:process_memory_win.cc(73)] ReadMemory at 0x7ffebdff0000 of 64 bytes failed: Only part of a ReadProcessMemory or WriteProcessMemory request was completed. (0x12B)
[0410/020729.062:WARNING:pe_image_reader.cc(340)] could not read dos header from C:\WINDOWS\SYSTEM32\WINSPOOL.DRV
[0410/020729.062:ERROR:process_memory_win.cc(73)] ReadMemory at 0x7ffecf680000 of 64 bytes failed: Only part of a ReadProcessMemory or WriteProcessMemory request was completed. (0x12B)
[0410/020729.062:WARNING:pe_image_reader.cc(340)] could not read dos header from C:\WINDOWS\SYSTEM32\dbghelp.dll
[0410/020729.062:ERROR:process_memory_win.cc(73)] ReadMemory at 0x7ffed1450000 of 64 bytes failed: Only part of a ReadProcessMemory or WriteProcessMemory request was completed. (0x12B)
[0410/020729.062:WARNING:pe_image_reader.cc(340)] could not read dos header from C:\WINDOWS\SYSTEM32\dhcpcsvc.DLL
[0410/020729.062:ERROR:process_memory_win.cc(73)] ReadMemory at 0x7ffed34f0000 of 64 bytes failed: Only part of a ReadProcessMemory or WriteProcessMemory request was completed. (0x12B)
[0410/020729.062:WARNING:pe_image_reader.cc(340)] could not read dos header from C:\WINDOWS\SYSTEM32\PROPSYS.dll
[0410/020729.062:ERROR:process_memory_win.cc(73)] ReadMemory at 0x7ffed5d00000 of 64 bytes failed: Only part of a ReadProcessMemory or WriteProcessMemory request was completed. (0x12B)
[0410/020729.062:WARNING:pe_image_reader.cc(340)] could not read dos header from C:\WINDOWS\SYSTEM32\SSPICLI.DLL
[0410/020729.062:ERROR:process_memory_win.cc(73)] ReadMemory at 0x7ffed5a10000 of 64 bytes failed: Only part of a ReadProcessMemory or WriteProcessMemory request was completed. (0x12B)
[0410/020729.062:WARNING:pe_image_reader.cc(340)] could not read dos header from C:\WINDOWS\System32\MSASN1.dll
[0410/020729.062:ERROR:process_memory_win.cc(73)] ReadMemory at 0x7ffed66b0000 of 64 bytes failed: Only part of a ReadProcessMemory or WriteProcessMemory request was completed. (0x12B)
[0410/020729.062:WARNING:pe_image_reader.cc(340)] could not read dos header from C:\WINDOWS\System32\bcryptPrimitives.dll
[0410/020729.062:ERROR:process_memory_win.cc(73)] ReadMemory at 0x7ffed5d50000 of 64 bytes failed: Only part of a ReadProcessMemory or WriteProcessMemory request was completed. (0x12B)
[0410/020729.062:WARNING:pe_image_reader.cc(340)] could not read dos header from C:\WINDOWS\System32\profapi.dll
[0410/020729.062:ERROR:process_memory_win.cc(73)] ReadMemory at 0x7ffed5790000 of 64 bytes failed: Only part of a ReadProcessMemory or WriteProcessMemory request was completed. (0x12B)
[0410/020729.062:WARNING:pe_image_reader.cc(340)] could not read dos header from C:\WINDOWS\SYSTEM32\CRYPTBASE.DLL
[0410/020729.062:ERROR:process_memory_win.cc(73)] ReadMemory at 0x7ff7c9e90000 of 64 bytes failed: Only part of a ReadProcessMemory or WriteProcessMemory request was completed. (0x12B)
[0410/020729.062:WARNING:pe_image_reader.cc(340)] could not read dos header from C:\Program Files (x86)\Microsoft\Edge\Application\msedge.exe
[0410/020729.062:ERROR:process_memory_win.cc(73)] ReadMemory at 0x7ff7c9e90000 of 64 bytes failed: Only part of a ReadProcessMemory or WriteProcessMemory request was completed. (0x12B)
[0410/020729.062:WARNING:pe_image_reader.cc(340)] could not read dos header from C:\Program Files (x86)\Microsoft\Edge\Application\msedge.exe
[0410/020729.062:ERROR:process_memory_win.cc(73)] ReadMemory at 0x7ffed86d0000 of 64 bytes failed: Only part of a ReadProcessMemory or WriteProcessMemory request was completed. (0x12B)
[0410/020729.062:WARNING:pe_image_reader.cc(340)] could not read dos header from C:\WINDOWS\SYSTEM32\ntdll.dll
[0410/020729.062:ERROR:process_memory_win.cc(73)] ReadMemory at 0x7ffed86d0000 of 64 bytes failed: Only part of a ReadProcessMemory or WriteProcessMemory request was completed. (0x12B)
[0410/020729.062:WARNING:pe_image_reader.cc(340)] could not read dos header from C:\WINDOWS\SYSTEM32\ntdll.dll
[0410/020729.062:ERROR:process_memory_win.cc(73)] ReadMemory at 0x7ffed7e60000 of 64 bytes failed: Only part of a ReadProcessMemory or WriteProcessMemory request was completed. (0x12B)
[0410/020729.062:WARNING:pe_image_reader.cc(340)] could not read dos header from C:\WINDOWS\System32\KERNEL32.DLL
[0410/020729.062:ERROR:process_memory_win.cc(73)] ReadMemory at 0x7ffed7e60000 of 64 bytes failed: Only part of a ReadProcessMemory or WriteProcessMemory request was completed. (0x12B)
[0410/020729.062:WARNING:pe_image_reader.cc(340)] could not read dos header from C:\WINDOWS\System32\KERNEL32.DLL
[0410/020729.062:ERROR:process_memory_win.cc(73)] ReadMemory at 0x7ffed5e10000 of 64 bytes failed: Only part of a ReadProcessMemory or WriteProcessMemory request was completed. (0x12B)
[0410/020729.062:WARNING:pe_image_reader.cc(340)] could not read dos header from C:\WINDOWS\System32\KERNELBASE.dll
[0410/020729.062:ERROR:process_memory_win.cc(73)] ReadMemory at 0x7ffed5e10000 of 64 bytes failed: Only part of a ReadProcessMemory or WriteProcessMemory request was completed. (0x12B)
[0410/020729.062:WARNING:pe_image_reader.cc(340)] could not read dos header from C:\WINDOWS\System32\KERNELBASE.dll
[0410/020729.062:ERROR:process_memory_win.cc(73)] ReadMemory at 0x7ffeb8bc0000 of 64 bytes failed: Only part of a ReadProcessMemory or WriteProcessMemory request was completed. (0x12B)
[0410/020729.062:WARNING:pe_image_reader.cc(340)] could not read dos header from C:\Program Files (x86)\Microsoft\Edge\Application\80.0.361.111\msedge_elf.dll
[0410/020729.062:ERROR:process_memory_win.cc(73)] ReadMemory at 0x7ffeb8bc0000 of 64 bytes failed: Only part of a ReadProcessMemory or WriteProcessMemory request was completed. (0x12B)
[0410/020729.062:WARNING:pe_image_reader.cc(340)] could not read dos header from C:\Program Files (x86)\Microsoft\Edge\Application\80.0.361.111\msedge_elf.dll
[0410/020729.062:ERROR:process_memory_win.cc(73)] ReadMemory at 0x7ffed3e80000 of 64 bytes failed: Only part of a ReadProcessMemory or WriteProcessMemory request was completed. (0x12B)
[0410/020729.062:WARNING:pe_image_reader.cc(340)] could not read dos header from C:\WINDOWS\SYSTEM32\VERSION.dll
[0410/020729.062:ERROR:process_memory_win.cc(73)] ReadMemory at 0x7ffed3e80000 of 64 bytes failed: Only part of a ReadProcessMemory or WriteProcessMemory request was completed. (0x12B)
[0410/020729.062:WARNING:pe_image_reader.cc(340)] could not read dos header from C:\WINDOWS\SYSTEM32\VERSION.dll
[0410/020729.062:ERROR:process_memory_win.cc(73)] ReadMemory at 0x7ffed73d0000 of 64 bytes failed: Only part of a ReadProcessMemory or WriteProcessMemory request was completed. (0x12B)
[0410/020729.062:WARNING:pe_image_reader.cc(340)] could not read dos header from C:\WINDOWS\System32\msvcrt.dll
[0410/020729.062:ERROR:process_memory_win.cc(73)] ReadMemory at 0x7ffed73d0000 of 64 bytes failed: Only part of a ReadProcessMemory or WriteProcessMemory request was completed. (0x12B)
[0410/020729.062:WARNING:pe_image_reader.cc(340)] could not read dos header from C:\WINDOWS\System32\msvcrt.dll
[0410/020729.062:ERROR:process_memory_win.cc(73)] ReadMemory at 0x1b0ceb40000 of 64 bytes failed: Only part of a ReadProcessMemory or WriteProcessMemory request was completed. (0x12B)
[0410/020729.062:WARNING:pe_image_reader.cc(340)] could not read dos header from C:\WINDOWS\System32\ADVAPI32.dll
[0410/020729.062:ERROR:process_memory_win.cc(73)] ReadMemory at 0x1b0ceb40000 of 64 bytes failed: Only part of a ReadProcessMemory or WriteProcessMemory request was completed. (0x12B)
[0410/020729.062:WARNING:pe_image_reader.cc(340)] could not read dos header from C:\WINDOWS\System32\ADVAPI32.dll
[0410/020729.062:ERROR:process_memory_win.cc(73)] ReadMemory at 0x7ffed85e0000 of 64 bytes failed: Only part of a ReadProcessMemory or WriteProcessMemory request was completed. (0x12B)
[0410/020729.062:WARNING:pe_image_reader.cc(340)] could not read dos header from C:\WINDOWS\System32\sechost.dll
[0410/020729.062:ERROR:process_memory_win.cc(73)] ReadMemory at 0x7ffed85e0000 of 64 bytes failed: Only part of a ReadProcessMemory or WriteProcessMemory request was completed. (0x12B)
[0410/020729.062:WARNING:pe_image_reader.cc(340)] could not read dos header from C:\WINDOWS\System32\sechost.dll
[0410/020729.062:ERROR:process_memory_win.cc(73)] ReadMemory at 0x7ffed6900000 of 64 bytes failed: Only part of a ReadProcessMemory or WriteProcessMemory request was completed. (0x12B)
[0410/020729.062:WARNING:pe_image_reader.cc(340)] could not read dos header from C:\WINDOWS\System32\RPCRT4.dll
[0410/020729.062:ERROR:process_memory_win.cc(73)] ReadMemory at 0x7ffed6900000 of 64 bytes failed: Only part of a ReadProcessMemory or WriteProcessMemory request was completed. (0x12B)
[0410/020729.062:WARNING:pe_image_reader.cc(340)] could not read dos header from C:\WINDOWS\System32\RPCRT4.dll
[0410/020729.070:ERROR:process_memory_win.cc(73)] ReadMemory at 0x7ffe8fa70000 of 64 bytes failed: Only part of a ReadProcessMemory or WriteProcessMemory request was completed. (0x12B)
[0410/020729.070:WARNING:pe_image_reader.cc(340)] could not read dos header from C:\Program Files (x86)\Microsoft\Edge\Application\80.0.361.111\msedge.dll
[0410/020729.070:ERROR:process_memory_win.cc(73)] ReadMemory at 0x7ffe8fa70000 of 64 bytes failed: Only part of a ReadProcessMemory or WriteProcessMemory request was completed. (0x12B)
[0410/020729.070:WARNING:pe_image_reader.cc(340)] could not read dos header from C:\Program Files (x86)\Microsoft\Edge\Application\80.0.361.111\msedge.dll
[0410/020729.070:ERROR:process_memory_win.cc(73)] ReadMemory at 0x7ffed7ca0000 of 64 bytes failed: Only part of a ReadProcessMemory or WriteProcessMemory request was completed. (0x12B)
[0410/020729.070:WARNING:pe_image_reader.cc(340)] could not read dos header from C:\WINDOWS\System32\WS2_32.dll
[0410/020729.070:ERROR:process_memory_win.cc(73)] ReadMemory at 0x7ffed7ca0000 of 64 bytes failed: Only part of a ReadProcessMemory or WriteProcessMemory request was completed. (0x12B)
[0410/020729.070:WARNING:pe_image_reader.cc(340)] could not read dos header from C:\WINDOWS\System32\WS2_32.dll
[0410/020729.070:ERROR:process_memory_win.cc(73)] ReadMemory at 0x7ffed6730000 of 64 bytes failed: Only part of a ReadProcessMemory or WriteProcessMemory request was completed. (0x12B)
[0410/020729.070:WARNING:pe_image_reader.cc(340)] could not read dos header from C:\WINDOWS\System32\OLEAUT32.dll
[0410/020729.070:ERROR:process_memory_win.cc(73)] ReadMemory at 0x7ffed6730000 of 64 bytes failed: Only part of a ReadProcessMemory or WriteProcessMemory request was completed. (0x12B)
[0410/020729.070:WARNING:pe_image_reader.cc(340)] could not read dos header from C:\WINDOWS\System32\OLEAUT32.dll
[0410/020729.070:ERROR:process_memory_win.cc(73)] ReadMemory at 0x7ffed60e0000 of 64 bytes failed: Only part of a ReadProcessMemory or WriteProcessMemory request was completed. (0x12B)
[0410/020729.070:WARNING:pe_image_reader.cc(340)] could not read dos header from C:\WINDOWS\System32\msvcp_win.dll
[0410/020729.070:ERROR:process_memory_win.cc(73)] ReadMemory at 0x7ffed60e0000 of 64 bytes failed: Only part of a ReadProcessMemory or WriteProcessMemory request was completed. (0x12B)
[0410/020729.070:WARNING:pe_image_reader.cc(340)] could not read dos header from C:\WINDOWS\System32\msvcp_win.dll
[0410/020729.070:ERROR:process_memory_win.cc(73)] ReadMemory at 0x7ffed6370000 of 64 bytes failed: Only part of a ReadProcessMemory or WriteProcessMemory request was completed. (0x12B)
[0410/020729.070:WARNING:pe_image_reader.cc(340)] could not read dos header from C:\WINDOWS\System32\ucrtbase.dll
[0410/020729.070:ERROR:process_memory_win.cc(73)] ReadMemory at 0x7ffed6370000 of 64 bytes failed: Only part of a ReadProcessMemory or WriteProcessMemory request was completed. (0x12B)
[0410/020729.070:WARNING:pe_image_reader.cc(340)] could not read dos header from C:\WINDOWS\System32\ucrtbase.dll
[0410/020729.070:ERROR:process_memory_win.cc(73)] ReadMemory at 0x7ffed7fd0000 of 64 bytes failed: Only part of a ReadProcessMemory or WriteProcessMemory request was completed. (0x12B)
[0410/020729.070:WARNING:pe_image_reader.cc(340)] could not read dos header from C:\WINDOWS\System32\combase.dll
[0410/020729.070:ERROR:process_memory_win.cc(73)] ReadMemory at 0x7ffed7fd0000 of 64 bytes failed: Only part of a ReadProcessMemory or WriteProcessMemory request was completed. (0x12B)
[0410/020729.070:WARNING:pe_image_reader.cc(340)] could not read dos header from C:\WINDOWS\System32\combase.dll
[0410/020729.070:ERROR:process_memory_win.cc(73)] ReadMemory at 0x7ffed6180000 of 64 bytes failed: Only part of a ReadProcessMemory or WriteProcessMemory request was completed. (0x12B)
[0410/020729.070:WARNING:pe_image_reader.cc(340)] could not read dos header from C:\WINDOWS\System32\WINTRUST.dll
[0410/020729.070:ERROR:process_memory_win.cc(73)] ReadMemory at 0x7ffed6180000 of 64 bytes failed: Only part of a ReadProcessMemory or WriteProcessMemory request was completed. (0x12B)
[0410/020729.070:WARNING:pe_image_reader.cc(340)] could not read dos header from C:\WINDOWS\System32\WINTRUST.dll
[0410/020729.070:ERROR:process_memory_win.cc(73)] ReadMemory at 0x7ffed61e0000 of 64 bytes failed: Only part of a ReadProcessMemory or WriteProcessMemory request was completed. (0x12B)
[0410/020729.070:WARNING:pe_image_reader.cc(340)] could not read dos header from C:\WINDOWS\System32\CRYPT32.dll
[0410/020729.070:ERROR:process_memory_win.cc(73)] ReadMemory at 0x7ffed61e0000 of 64 bytes failed: Only part of a ReadProcessMemory or WriteProcessMemory request was completed. (0x12B)
[0410/020729.070:WARNING:pe_image_reader.cc(340)] could not read dos header from C:\WINDOWS\System32\CRYPT32.dll
[0410/020729.070:ERROR:process_memory_win.cc(73)] ReadMemory at 0x7ffed5230000 of 64 bytes failed: Only part of a ReadProcessMemory or WriteProcessMemory request was completed. (0x12B)
[0410/020729.070:WARNING:pe_image_reader.cc(340)] could not read dos header from C:\WINDOWS\SYSTEM32\IPHLPAPI.DLL
[0410/020729.070:ERROR:process_memory_win.cc(73)] ReadMemory at 0x7ffed5230000 of 64 bytes failed: Only part of a ReadProcessMemory or WriteProcessMemory request was completed. (0x12B)
[0410/020729.070:WARNING:pe_image_reader.cc(340)] could not read dos header from C:\WINDOWS\SYSTEM32\IPHLPAPI.DLL
[0410/020729.070:ERROR:process_memory_win.cc(73)] ReadMemory at 0x7ffec76b0000 of 64 bytes failed: Only part of a ReadProcessMemory or WriteProcessMemory request was completed. (0x12B)
[0410/020729.070:WARNING:pe_image_reader.cc(340)] could not read dos header from C:\WINDOWS\SYSTEM32\WINMM.dll
[0410/020729.070:ERROR:process_memory_win.cc(73)] ReadMemory at 0x7ffec76b0000 of 64 bytes failed: Only part of a ReadProcessMemory or WriteProcessMemory request was completed. (0x12B)
[0410/020729.070:WARNING:pe_image_reader.cc(340)] could not read dos header from C:\WINDOWS\SYSTEM32\WINMM.dll
[0410/020729.070:ERROR:process_memory_win.cc(73)] ReadMemory at 0x7ffebe0d0000 of 64 bytes failed: Only part of a ReadProcessMemory or WriteProcessMemory request was completed. (0x12B)
[0410/020729.070:WARNING:pe_image_reader.cc(340)] could not read dos header from C:\WINDOWS\SYSTEM32\Secur32.dll
[0410/020729.070:ERROR:process_memory_win.cc(73)] ReadMemory at 0x7ffebe0d0000 of 64 bytes failed: Only part of a ReadProcessMemory or WriteProcessMemory request was completed. (0x12B)
[0410/020729.070:WARNING:pe_image_reader.cc(340)] could not read dos header from C:\WINDOWS\SYSTEM32\Secur32.dll
[0410/020729.070:ERROR:process_memory_win.cc(73)] ReadMemory at 0x7ffed5cd0000 of 64 bytes failed: Only part of a ReadProcessMemory or WriteProcessMemory request was completed. (0x12B)
[0410/020729.070:WARNING:pe_image_reader.cc(340)] could not read dos header from C:\WINDOWS\SYSTEM32\USERENV.dll
[0410/020729.070:ERROR:process_memory_win.cc(73)] ReadMemory at 0x7ffed5cd0000 of 64 bytes failed: Only part of a ReadProcessMemory or WriteProcessMemory request was completed. (0x12B)
[0410/020729.070:WARNING:pe_image_reader.cc(340)] could not read dos header from C:\WINDOWS\SYSTEM32\USERENV.dll
[0410/020729.070:ERROR:process_memory_win.cc(73)] ReadMemory at 0x7ffeacd10000 of 64 bytes failed: Only part of a ReadProcessMemory or WriteProcessMemory request was completed. (0x12B)
[0410/020729.070:WARNING:pe_image_reader.cc(340)] could not read dos header from C:\WINDOWS\SYSTEM32\UIAutomationCore.DLL
[0410/020729.070:ERROR:process_memory_win.cc(73)] ReadMemory at 0x7ffeacd10000 of 64 bytes failed: Only part of a ReadProcessMemory or WriteProcessMemory request was completed. (0x12B)
[0410/020729.070:WARNING:pe_image_reader.cc(340)] could not read dos header from C:\WINDOWS\SYSTEM32\UIAutomationCore.DLL
[0410/020729.070:ERROR:process_memory_win.cc(73)] ReadMemory at 0x7ffed1aa0000 of 64 bytes failed: Only part of a ReadProcessMemory or WriteProcessMemory request was completed. (0x12B)
[0410/020729.070:WARNING:pe_image_reader.cc(340)] could not read dos header from C:\WINDOWS\SYSTEM32\WINHTTP.dll
[0410/020729.070:ERROR:process_memory_win.cc(73)] ReadMemory at 0x7ffed1aa0000 of 64 bytes failed: Only part of a ReadProcessMemory or WriteProcessMemory request was completed. (0x12B)
[0410/020729.070:WARNING:pe_image_reader.cc(340)] could not read dos header from C:\WINDOWS\SYSTEM32\WINHTTP.dll
[0410/020729.070:ERROR:process_memory_win.cc(73)] ReadMemory at 0x7ffeb6ad0000 of 64 bytes failed: Only part of a ReadProcessMemory or WriteProcessMemory request was completed. (0x12B)
[0410/020729.070:WARNING:pe_image_reader.cc(340)] could not read dos header from C:\WINDOWS\SYSTEM32\DWrite.dll
[0410/020729.070:ERROR:process_memory_win.cc(73)] ReadMemory at 0x7ffeb6ad0000 of 64 bytes failed: Only part of a ReadProcessMemory or WriteProcessMemory request was completed. (0x12B)
[0410/020729.070:WARNING:pe_image_reader.cc(340)] could not read dos header from C:\WINDOWS\SYSTEM32\DWrite.dll
[0410/020729.070:ERROR:process_memory_win.cc(73)] ReadMemory at 0x7ffebdff0000 of 64 bytes failed: Only part of a ReadProcessMemory or WriteProcessMemory request was completed. (0x12B)
[0410/020729.070:WARNING:pe_image_reader.cc(340)] could not read dos header from C:\WINDOWS\SYSTEM32\WINSPOOL.DRV
[0410/020729.073:ERROR:process_memory_win.cc(73)] ReadMemory at 0x7ffebdff0000 of 64 bytes failed: Only part of a ReadProcessMemory or WriteProcessMemory request was completed. (0x12B)
[0410/020729.073:WARNING:pe_image_reader.cc(340)] could not read dos header from C:\WINDOWS\SYSTEM32\WINSPOOL.DRV
[0410/020729.073:ERROR:process_memory_win.cc(73)] ReadMemory at 0x7ffecf680000 of 64 bytes failed: Only part of a ReadProcessMemory or WriteProcessMemory request was completed. (0x12B)
[0410/020729.073:WARNING:pe_image_reader.cc(340)] could not read dos header from C:\WINDOWS\SYSTEM32\dbghelp.dll
[0410/020729.073:ERROR:process_memory_win.cc(73)] ReadMemory at 0x7ffecf680000 of 64 bytes failed: Only part of a ReadProcessMemory or WriteProcessMemory request was completed. (0x12B)
[0410/020729.073:WARNING:pe_image_reader.cc(340)] could not read dos header from C:\WINDOWS\SYSTEM32\dbghelp.dll
[0410/020729.073:ERROR:process_memory_win.cc(73)] ReadMemory at 0x7ffed1450000 of 64 bytes failed: Only part of a ReadProcessMemory or WriteProcessMemory request was completed. (0x12B)
[0410/020729.073:WARNING:pe_image_reader.cc(340)] could not read dos header from C:\WINDOWS\SYSTEM32\dhcpcsvc.DLL
[0410/020729.073:ERROR:process_memory_win.cc(73)] ReadMemory at 0x7ffed1450000 of 64 bytes failed: Only part of a ReadProcessMemory or WriteProcessMemory request was completed. (0x12B)
[0410/020729.073:WARNING:pe_image_reader.cc(340)] could not read dos header from C:\WINDOWS\SYSTEM32\dhcpcsvc.DLL
[0410/020729.073:ERROR:process_memory_win.cc(73)] ReadMemory at 0x7ffed34f0000 of 64 bytes failed: Only part of a ReadProcessMemory or WriteProcessMemory request was completed. (0x12B)
[0410/020729.073:WARNING:pe_image_reader.cc(340)] could not read dos header from C:\WINDOWS\SYSTEM32\PROPSYS.dll
[0410/020729.073:ERROR:process_memory_win.cc(73)] ReadMemory at 0x7ffed34f0000 of 64 bytes failed: Only part of a ReadProcessMemory or WriteProcessMemory request was completed. (0x12B)
[0410/020729.073:WARNING:pe_image_reader.cc(340)] could not read dos header from C:\WINDOWS\SYSTEM32\PROPSYS.dll
[0410/020729.073:ERROR:process_memory_win.cc(73)] ReadMemory at 0x7ffed5d00000 of 64 bytes failed: Only part of a ReadProcessMemory or WriteProcessMemory request was completed. (0x12B)
[0410/020729.073:WARNING:pe_image_reader.cc(340)] could not read dos header from C:\WINDOWS\SYSTEM32\SSPICLI.DLL
[0410/020729.073:ERROR:process_memory_win.cc(73)] ReadMemory at 0x7ffed5d00000 of 64 bytes failed: Only part of a ReadProcessMemory or WriteProcessMemory request was completed. (0x12B)
[0410/020729.073:WARNING:pe_image_reader.cc(340)] could not read dos header from C:\WINDOWS\SYSTEM32\SSPICLI.DLL
[0410/020729.073:ERROR:process_memory_win.cc(73)] ReadMemory at 0x7ffed5a10000 of 64 bytes failed: Only part of a ReadProcessMemory or WriteProcessMemory request was completed. (0x12B)
[0410/020729.074:WARNING:pe_image_reader.cc(340)] could not read dos header from C:\WINDOWS\System32\MSASN1.dll
[0410/020729.074:ERROR:process_memory_win.cc(73)] ReadMemory at 0x7ffed5a10000 of 64 bytes failed: Only part of a ReadProcessMemory or WriteProcessMemory request was completed. (0x12B)
[0410/020729.074:WARNING:pe_image_reader.cc(340)] could not read dos header from C:\WINDOWS\System32\MSASN1.dll
[0410/020729.074:ERROR:process_memory_win.cc(73)] ReadMemory at 0x7ffed66b0000 of 64 bytes failed: Only part of a ReadProcessMemory or WriteProcessMemory request was completed. (0x12B)
[0410/020729.074:WARNING:pe_image_reader.cc(340)] could not read dos header from C:\WINDOWS\System32\bcryptPrimitives.dll
[0410/020729.074:ERROR:process_memory_win.cc(73)] ReadMemory at 0x7ffed66b0000 of 64 bytes failed: Only part of a ReadProcessMemory or WriteProcessMemory request was completed. (0x12B)
[0410/020729.074:WARNING:pe_image_reader.cc(340)] could not read dos header from C:\WINDOWS\System32\bcryptPrimitives.dll
[0410/020729.074:ERROR:process_memory_win.cc(73)] ReadMemory at 0x7ffed5d50000 of 64 bytes failed: Only part of a ReadProcessMemory or WriteProcessMemory request was completed. (0x12B)
[0410/020729.074:WARNING:pe_image_reader.cc(340)] could not read dos header from C:\WINDOWS\System32\profapi.dll
[0410/020729.074:ERROR:process_memory_win.cc(73)] ReadMemory at 0x7ffed5d50000 of 64 bytes failed: Only part of a ReadProcessMemory or WriteProcessMemory request was completed. (0x12B)
[0410/020729.074:WARNING:pe_image_reader.cc(340)] could not read dos header from C:\WINDOWS\System32\profapi.dll
[0410/020729.074:ERROR:process_memory_win.cc(73)] ReadMemory at 0x7ffed5790000 of 64 bytes failed: Only part of a ReadProcessMemory or WriteProcessMemory request was completed. (0x12B)
[0410/020729.074:WARNING:pe_image_reader.cc(340)] could not read dos header from C:\WINDOWS\SYSTEM32\CRYPTBASE.DLL
[0410/020729.074:ERROR:process_memory_win.cc(73)] ReadMemory at 0x7ffed5790000 of 64 bytes failed: Only part of a ReadProcessMemory or WriteProcessMemory request was completed. (0x12B)
[0410/020729.074:WARNING:pe_image_reader.cc(340)] could not read dos header from C:\WINDOWS\SYSTEM32\CRYPTBASE.DLL
[0410/020734.635:ERROR:process_memory_win.cc(73)] ReadMemory at 0x7ff7c9e90000 of 64 bytes failed: Only part of a ReadProcessMemory or WriteProcessMemory request was completed. (0x12B)
[0410/020734.635:WARNING:pe_image_reader.cc(340)] could not read dos header from C:\Program Files (x86)\Microsoft\Edge\Application\msedge.exe
[0410/020734.635:ERROR:process_memory_win.cc(73)] ReadMemory at 0x7ffed86d0000 of 64 bytes failed: Only part of a ReadProcessMemory or WriteProcessMemory request was completed. (0x12B)
[0410/020734.635:WARNING:pe_image_reader.cc(340)] could not read dos header from C:\WINDOWS\SYSTEM32\ntdll.dll
[0410/020734.635:ERROR:process_memory_win.cc(73)] ReadMemory at 0x7ffed7e60000 of 64 bytes failed: Only part of a ReadProcessMemory or WriteProcessMemory request was completed. (0x12B)
[0410/020734.636:WARNING:pe_image_reader.cc(340)] could not read dos header from C:\WINDOWS\System32\KERNEL32.DLL
[0410/020734.636:ERROR:process_memory_win.cc(73)] ReadMemory at 0x7ffed5e10000 of 64 bytes failed: Only part of a ReadProcessMemory or WriteProcessMemory request was completed. (0x12B)
[0410/020734.636:WARNING:pe_image_reader.cc(340)] could not read dos header from C:\WINDOWS\System32\KERNELBASE.dll
[0410/020734.636:ERROR:process_memory_win.cc(73)] ReadMemory at 0x7ffeb8bc0000 of 64 bytes failed: Only part of a ReadProcessMemory or WriteProcessMemory request was completed. (0x12B)
[0410/020734.636:WARNING:pe_image_reader.cc(340)] could not read dos header from C:\Program Files (x86)\Microsoft\Edge\Application\80.0.361.111\msedge_elf.dll
[0410/020734.636:ERROR:process_memory_win.cc(73)] ReadMemory at 0x7ffed3e80000 of 64 bytes failed: Only part of a ReadProcessMemory or WriteProcessMemory request was completed. (0x12B)
[0410/020734.636:WARNING:pe_image_reader.cc(340)] could not read dos header from C:\WINDOWS\SYSTEM32\VERSION.dll
[0410/020734.636:ERROR:process_memory_win.cc(73)] ReadMemory at 0x7ffed73d0000 of 64 bytes failed: Only part of a ReadProcessMemory or WriteProcessMemory request was completed. (0x12B)
[0410/020734.637:WARNING:pe_image_reader.cc(340)] could not read dos header from C:\WINDOWS\System32\msvcrt.dll
[0410/020734.637:ERROR:process_memory_win.cc(73)] ReadMemory at 0x1b0ceb40000 of 64 bytes failed: Only part of a ReadProcessMemory or WriteProcessMemory request was completed. (0x12B)
[0410/020734.637:WARNING:pe_image_reader.cc(340)] could not read dos header from C:\WINDOWS\System32\ADVAPI32.dll
[0410/020734.637:ERROR:process_memory_win.cc(73)] ReadMemory at 0x7ffed85e0000 of 64 bytes failed: Only part of a ReadProcessMemory or WriteProcessMemory request was completed. (0x12B)
[0410/020734.637:WARNING:pe_image_reader.cc(340)] could not read dos header from C:\WINDOWS\System32\sechost.dll
[0410/020734.637:ERROR:process_memory_win.cc(73)] ReadMemory at 0x7ffed6900000 of 64 bytes failed: Only part of a ReadProcessMemory or WriteProcessMemory request was completed. (0x12B)
[0410/020734.637:WARNING:pe_image_reader.cc(340)] could not read dos header from C:\WINDOWS\System32\RPCRT4.dll
[0410/020734.638:ERROR:process_memory_win.cc(73)] ReadMemory at 0x7ffe8fa70000 of 64 bytes failed: Only part of a ReadProcessMemory or WriteProcessMemory request was completed. (0x12B)
[0410/020734.638:WARNING:pe_image_reader.cc(340)] could not read dos header from C:\Program Files (x86)\Microsoft\Edge\Application\80.0.361.111\msedge.dll
[0410/020734.638:ERROR:process_memory_win.cc(73)] ReadMemory at 0x7ffed7ca0000 of 64 bytes failed: Only part of a ReadProcessMemory or WriteProcessMemory request was completed. (0x12B)
[0410/020734.638:WARNING:pe_image_reader.cc(340)] could not read dos header from C:\WINDOWS\System32\WS2_32.dll
[0410/020734.638:ERROR:process_memory_win.cc(73)] ReadMemory at 0x7ffed6730000 of 64 bytes failed: Only part of a ReadProcessMemory or WriteProcessMemory request was completed. (0x12B)
[0410/020734.638:WARNING:pe_image_reader.cc(340)] could not read dos header from C:\WINDOWS\System32\OLEAUT32.dll
[0410/020734.638:ERROR:process_memory_win.cc(73)] ReadMemory at 0x7ffed60e0000 of 64 bytes failed: Only part of a ReadProcessMemory or WriteProcessMemory request was completed. (0x12B)
[0410/020734.638:WARNING:pe_image_reader.cc(340)] could not read dos header from C:\WINDOWS\System32\msvcp_win.dll
[0410/020734.638:ERROR:process_memory_win.cc(73)] ReadMemory at 0x7ffed6370000 of 64 bytes failed: Only part of a ReadProcessMemory or WriteProcessMemory request was completed. (0x12B)
[0410/020734.638:WARNING:pe_image_reader.cc(340)] could not read dos header from C:\WINDOWS\System32\ucrtbase.dll
[0410/020734.638:ERROR:process_memory_win.cc(73)] ReadMemory at 0x7ffed7fd0000 of 64 bytes failed: Only part of a ReadProcessMemory or WriteProcessMemory request was completed. (0x12B)
[0410/020734.638:WARNING:pe_image_reader.cc(340)] could not read dos header from C:\WINDOWS\System32\combase.dll
[0410/020734.638:ERROR:process_memory_win.cc(73)] ReadMemory at 0x7ffed6180000 of 64 bytes failed: Only part of a ReadProcessMemory or WriteProcessMemory request was completed. (0x12B)
[0410/020734.638:WARNING:pe_image_reader.cc(340)] could not read dos header from C:\WINDOWS\System32\WINTRUST.dll
[0410/020734.638:ERROR:process_memory_win.cc(73)] ReadMemory at 0x7ffed61e0000 of 64 bytes failed: Only part of a ReadProcessMemory or WriteProcessMemory request was completed. (0x12B)
[0410/020734.640:WARNING:pe_image_reader.cc(340)] could not read dos header from C:\WINDOWS\System32\CRYPT32.dll
[0410/020734.640:ERROR:process_memory_win.cc(73)] ReadMemory at 0x7ffed5230000 of 64 bytes failed: Only part of a ReadProcessMemory or WriteProcessMemory request was completed. (0x12B)
[0410/020734.640:WARNING:pe_image_reader.cc(340)] could not read dos header from C:\WINDOWS\SYSTEM32\IPHLPAPI.DLL
[0410/020734.640:ERROR:process_memory_win.cc(73)] ReadMemory at 0x7ffec76b0000 of 64 bytes failed: Only part of a ReadProcessMemory or WriteProcessMemory request was completed. (0x12B)
[0410/020734.640:WARNING:pe_image_reader.cc(340)] could not read dos header from C:\WINDOWS\SYSTEM32\WINMM.dll
[0410/020734.640:ERROR:process_memory_win.cc(73)] ReadMemory at 0x7ffebe0d0000 of 64 bytes failed: Only part of a ReadProcessMemory or WriteProcessMemory request was completed. (0x12B)
[0410/020734.640:WARNING:pe_image_reader.cc(340)] could not read dos header from C:\WINDOWS\SYSTEM32\Secur32.dll
[0410/020734.640:ERROR:process_memory_win.cc(73)] ReadMemory at 0x7ffed5cd0000 of 64 bytes failed: Only part of a ReadProcessMemory or WriteProcessMemory request was completed. (0x12B)
[0410/020734.640:WARNING:pe_image_reader.cc(340)] could not read dos header from C:\WINDOWS\SYSTEM32\USERENV.dll
[0410/020734.640:ERROR:process_memory_win.cc(73)] ReadMemory at 0x7ffeacd10000 of 64 bytes failed: Only part of a ReadProcessMemory or WriteProcessMemory request was completed. (0x12B)
[0410/020734.640:WARNING:pe_image_reader.cc(340)] could not read dos header from C:\WINDOWS\SYSTEM32\UIAutomationCore.DLL
[0410/020734.640:ERROR:process_memory_win.cc(73)] ReadMemory at 0x7ffed1aa0000 of 64 bytes failed: Only part of a ReadProcessMemory or WriteProcessMemory request was completed. (0x12B)
[0410/020734.640:WARNING:pe_image_reader.cc(340)] could not read dos header from C:\WINDOWS\SYSTEM32\WINHTTP.dll
[0410/020734.640:ERROR:process_memory_win.cc(73)] ReadMemory at 0x7ffeb6ad0000 of 64 bytes failed: Only part of a ReadProcessMemory or WriteProcessMemory request was completed. (0x12B)
[0410/020734.640:WARNING:pe_image_reader.cc(340)] could not read dos header from C:\WINDOWS\SYSTEM32\DWrite.dll
[0410/020734.640:ERROR:process_memory_win.cc(73)] ReadMemory at 0x7ffebdff0000 of 64 bytes failed: Only part of a ReadProcessMemory or WriteProcessMemory request was completed. (0x12B)
[0410/020734.640:WARNING:pe_image_reader.cc(340)] could not read dos header from C:\WINDOWS\SYSTEM32\WINSPOOL.DRV
[0410/020734.640:ERROR:process_memory_win.cc(73)] ReadMemory at 0x7ffecf680000 of 64 bytes failed: Only part of a ReadProcessMemory or WriteProcessMemory request was completed. (0x12B)
[0410/020734.640:WARNING:pe_image_reader.cc(340)] could not read dos header from C:\WINDOWS\SYSTEM32\dbghelp.dll
[0410/020734.640:ERROR:process_memory_win.cc(73)] ReadMemory at 0x7ffed1450000 of 64 bytes failed: Only part of a ReadProcessMemory or WriteProcessMemory request was completed. (0x12B)
[0410/020734.640:WARNING:pe_image_reader.cc(340)] could not read dos header from C:\WINDOWS\SYSTEM32\dhcpcsvc.DLL
[0410/020734.640:ERROR:process_memory_win.cc(73)] ReadMemory at 0x7ffed34f0000 of 64 bytes failed: Only part of a ReadProcessMemory or WriteProcessMemory request was completed. (0x12B)
[0410/020734.640:WARNING:pe_image_reader.cc(340)] could not read dos header from C:\WINDOWS\SYSTEM32\PROPSYS.dll
[0410/020734.640:ERROR:process_memory_win.cc(73)] ReadMemory at 0x7ffed5d00000 of 64 bytes failed: Only part of a ReadProcessMemory or WriteProcessMemory request was completed. (0x12B)
[0410/020734.640:WARNING:pe_image_reader.cc(340)] could not read dos header from C:\WINDOWS\SYSTEM32\SSPICLI.DLL
[0410/020734.640:ERROR:process_memory_win.cc(73)] ReadMemory at 0x7ffed5a10000 of 64 bytes failed: Only part of a ReadProcessMemory or WriteProcessMemory request was completed. (0x12B)
[0410/020734.640:WARNING:pe_image_reader.cc(340)] could not read dos header from C:\WINDOWS\System32\MSASN1.dll
[0410/020734.640:ERROR:process_memory_win.cc(73)] ReadMemory at 0x7ffed66b0000 of 64 bytes failed: Only part of a ReadProcessMemory or WriteProcessMemory request was completed. (0x12B)
[0410/020734.640:WARNING:pe_image_reader.cc(340)] could not read dos header from C:\WINDOWS\System32\bcryptPrimitives.dll
[0410/020734.640:ERROR:process_memory_win.cc(73)] ReadMemory at 0x7ffed5d50000 of 64 bytes failed: Only part of a ReadProcessMemory or WriteProcessMemory request was completed. (0x12B)
[0410/020734.640:WARNING:pe_image_reader.cc(340)] could not read dos header from C:\WINDOWS\System32\profapi.dll
[0410/020734.640:ERROR:process_memory_win.cc(73)] ReadMemory at 0x7ffed5790000 of 64 bytes failed: Only part of a ReadProcessMemory or WriteProcessMemory request was completed. (0x12B)
[0410/020734.640:WARNING:pe_image_reader.cc(340)] could not read dos header from C:\WINDOWS\SYSTEM32\CRYPTBASE.DLL
[0410/020734.640:ERROR:process_memory_win.cc(73)] ReadMemory at 0x7ff7c9e90000 of 64 bytes failed: Only part of a ReadProcessMemory or WriteProcessMemory request was completed. (0x12B)
[0410/020734.640:WARNING:pe_image_reader.cc(340)] could not read dos header from C:\Program Files (x86)\Microsoft\Edge\Application\msedge.exe
[0410/020734.640:ERROR:process_memory_win.cc(73)] ReadMemory at 0x7ffed86d0000 of 64 bytes failed: Only part of a ReadProcessMemory or WriteProcessMemory request was completed. (0x12B)
[0410/020734.640:WARNING:pe_image_reader.cc(340)] could not read dos header from C:\WINDOWS\SYSTEM32\ntdll.dll
[0410/020734.640:ERROR:process_memory_win.cc(73)] ReadMemory at 0x7ffed7e60000 of 64 bytes failed: Only part of a ReadProcessMemory or WriteProcessMemory request was completed. (0x12B)
[0410/020734.640:WARNING:pe_image_reader.cc(340)] could not read dos header from C:\WINDOWS\System32\KERNEL32.DLL
[0410/020734.640:ERROR:process_memory_win.cc(73)] ReadMemory at 0x7ffed5e10000 of 64 bytes failed: Only part of a ReadProcessMemory or WriteProcessMemory request was completed. (0x12B)
[0410/020734.640:WARNING:pe_image_reader.cc(340)] could not read dos header from C:\WINDOWS\System32\KERNELBASE.dll
[0410/020734.640:ERROR:process_memory_win.cc(73)] ReadMemory at 0x7ffeb8bc0000 of 64 bytes failed: Only part of a ReadProcessMemory or WriteProcessMemory request was completed. (0x12B)
[0410/020734.640:WARNING:pe_image_reader.cc(340)] could not read dos header from C:\Program Files (x86)\Microsoft\Edge\Application\80.0.361.111\msedge_elf.dll
[0410/020734.640:ERROR:process_memory_win.cc(73)] ReadMemory at 0x7ffed3e80000 of 64 bytes failed: Only part of a ReadProcessMemory or WriteProcessMemory request was completed. (0x12B)
[0410/020734.640:WARNING:pe_image_reader.cc(340)] could not read dos header from C:\WINDOWS\SYSTEM32\VERSION.dll
[0410/020734.640:ERROR:process_memory_win.cc(73)] ReadMemory at 0x7ffed73d0000 of 64 bytes failed: Only part of a ReadProcessMemory or WriteProcessMemory request was completed. (0x12B)
[0410/020734.640:WARNING:pe_image_reader.cc(340)] could not read dos header from C:\WINDOWS\System32\msvcrt.dll
[0410/020734.640:ERROR:process_memory_win.cc(73)] ReadMemory at 0x1b0ceb40000 of 64 bytes failed: Only part of a ReadProcessMemory or WriteProcessMemory request was completed. (0x12B)
[0410/020734.640:WARNING:pe_image_reader.cc(340)] could not read dos header from C:\WINDOWS\System32\ADVAPI32.dll
[0410/020734.640:ERROR:process_memory_win.cc(73)] ReadMemory at 0x7ffed85e0000 of 64 bytes failed: Only part of a ReadProcessMemory or WriteProcessMemory request was completed. (0x12B)
[0410/020734.640:WARNING:pe_image_reader.cc(340)] could not read dos header from C:\WINDOWS\System32\sechost.dll
[0410/020734.640:ERROR:process_memory_win.cc(73)] ReadMemory at 0x7ffed6900000 of 64 bytes failed: Only part of a ReadProcessMemory or WriteProcessMemory request was completed. (0x12B)
[0410/020734.640:WARNING:pe_image_reader.cc(340)] could not read dos header from C:\WINDOWS\System32\RPCRT4.dll
[0410/020734.640:ERROR:process_memory_win.cc(73)] ReadMemory at 0x7ffe8fa70000 of 64 bytes failed: Only part of a ReadProcessMemory or WriteProcessMemory request was completed. (0x12B)
[0410/020734.645:WARNING:pe_image_reader.cc(340)] could not read dos header from C:\Program Files (x86)\Microsoft\Edge\Application\80.0.361.111\msedge.dll
[0410/020734.645:ERROR:process_memory_win.cc(73)] ReadMemory at 0x7ffed7ca0000 of 64 bytes failed: Only part of a ReadProcessMemory or WriteProcessMemory request was completed. (0x12B)
[0410/020734.645:WARNING:pe_image_reader.cc(340)] could not read dos header from C:\WINDOWS\System32\WS2_32.dll
[0410/020734.645:ERROR:process_memory_win.cc(73)] ReadMemory at 0x7ffed6730000 of 64 bytes failed: Only part of a ReadProcessMemory or WriteProcessMemory request was completed. (0x12B)
[0410/020734.645:WARNING:pe_image_reader.cc(340)] could not read dos header from C:\WINDOWS\System32\OLEAUT32.dll
[0410/020734.645:ERROR:process_memory_win.cc(73)] ReadMemory at 0x7ffed60e0000 of 64 bytes failed: Only part of a ReadProcessMemory or WriteProcessMemory request was completed. (0x12B)
[0410/020734.645:WARNING:pe_image_reader.cc(340)] could not read dos header from C:\WINDOWS\System32\msvcp_win.dll
[0410/020734.645:ERROR:process_memory_win.cc(73)] ReadMemory at 0x7ffed6370000 of 64 bytes failed: Only part of a ReadProcessMemory or WriteProcessMemory request was completed. (0x12B)
[0410/020734.645:WARNING:pe_image_reader.cc(340)] could not read dos header from C:\WINDOWS\System32\ucrtbase.dll
[0410/020734.645:ERROR:process_memory_win.cc(73)] ReadMemory at 0x7ffed7fd0000 of 64 bytes failed: Only part of a ReadProcessMemory or WriteProcessMemory request was completed. (0x12B)
[0410/020734.645:WARNING:pe_image_reader.cc(340)] could not read dos header from C:\WINDOWS\System32\combase.dll
[0410/020734.645:ERROR:process_memory_win.cc(73)] ReadMemory at 0x7ffed6180000 of 64 bytes failed: Only part of a ReadProcessMemory or WriteProcessMemory request was completed. (0x12B)
[0410/020734.646:WARNING:pe_image_reader.cc(340)] could not read dos header from C:\WINDOWS\System32\WINTRUST.dll
[0410/020734.646:ERROR:process_memory_win.cc(73)] ReadMemory at 0x7ffed61e0000 of 64 bytes failed: Only part of a ReadProcessMemory or WriteProcessMemory request was completed. (0x12B)
[0410/020734.646:WARNING:pe_image_reader.cc(340)] could not read dos header from C:\WINDOWS\System32\CRYPT32.dll
[0410/020734.646:ERROR:process_memory_win.cc(73)] ReadMemory at 0x7ffed5230000 of 64 bytes failed: Only part of a ReadProcessMemory or WriteProcessMemory request was completed. (0x12B)
[0410/020734.646:WARNING:pe_image_reader.cc(340)] could not read dos header from C:\WINDOWS\SYSTEM32\IPHLPAPI.DLL
[0410/020734.646:ERROR:process_memory_win.cc(73)] ReadMemory at 0x7ffec76b0000 of 64 bytes failed: Only part of a ReadProcessMemory or WriteProcessMemory request was completed. (0x12B)
[0410/020734.646:WARNING:pe_image_reader.cc(340)] could not read dos header from C:\WINDOWS\SYSTEM32\WINMM.dll
[0410/020734.646:ERROR:process_memory_win.cc(73)] ReadMemory at 0x7ffebe0d0000 of 64 bytes failed: Only part of a ReadProcessMemory or WriteProcessMemory request was completed. (0x12B)
[0410/020734.646:WARNING:pe_image_reader.cc(340)] could not read dos header from C:\WINDOWS\SYSTEM32\Secur32.dll
[0410/020734.646:ERROR:process_memory_win.cc(73)] ReadMemory at 0x7ffed5cd0000 of 64 bytes failed: Only part of a ReadProcessMemory or WriteProcessMemory request was completed. (0x12B)
[0410/020734.646:WARNING:pe_image_reader.cc(340)] could not read dos header from C:\WINDOWS\SYSTEM32\USERENV.dll
[0410/020734.646:ERROR:process_memory_win.cc(73)] ReadMemory at 0x7ffeacd10000 of 64 bytes failed: Only part of a ReadProcessMemory or WriteProcessMemory request was completed. (0x12B)
[0410/020734.646:WARNING:pe_image_reader.cc(340)] could not read dos header from C:\WINDOWS\SYSTEM32\UIAutomationCore.DLL
[0410/020734.646:ERROR:process_memory_win.cc(73)] ReadMemory at 0x7ffed1aa0000 of 64 bytes failed: Only part of a ReadProcessMemory or WriteProcessMemory request was completed. (0x12B)
[0410/020734.646:WARNING:pe_image_reader.cc(340)] could not read dos header from C:\WINDOWS\SYSTEM32\WINHTTP.dll
[0410/020734.646:ERROR:process_memory_win.cc(73)] ReadMemory at 0x7ffeb6ad0000 of 64 bytes failed: Only part of a ReadProcessMemory or WriteProcessMemory request was completed. (0x12B)
[0410/020734.646:WARNING:pe_image_reader.cc(340)] could not read dos header from C:\WINDOWS\SYSTEM32\DWrite.dll
[0410/020734.646:ERROR:process_memory_win.cc(73)] ReadMemory at 0x7ffebdff0000 of 64 bytes failed: Only part of a ReadProcessMemory or WriteProcessMemory request was completed. (0x12B)
[0410/020734.646:WARNING:pe_image_reader.cc(340)] could not read dos header from C:\WINDOWS\SYSTEM32\WINSPOOL.DRV
[0410/020734.646:ERROR:process_memory_win.cc(73)] ReadMemory at 0x7ffecf680000 of 64 bytes failed: Only part of a ReadProcessMemory or WriteProcessMemory request was completed. (0x12B)
[0410/020734.646:WARNING:pe_image_reader.cc(340)] could not read dos header from C:\WINDOWS\SYSTEM32\dbghelp.dll
[0410/020734.646:ERROR:process_memory_win.cc(73)] ReadMemory at 0x7ffed1450000 of 64 bytes failed: Only part of a ReadProcessMemory or WriteProcessMemory request was completed. (0x12B)
[0410/020734.646:WARNING:pe_image_reader.cc(340)] could not read dos header from C:\WINDOWS\SYSTEM32\dhcpcsvc.DLL
[0410/020734.646:ERROR:process_memory_win.cc(73)] ReadMemory at 0x7ffed34f0000 of 64 bytes failed: Only part of a ReadProcessMemory or WriteProcessMemory request was completed. (0x12B)
[0410/020734.646:WARNING:pe_image_reader.cc(340)] could not read dos header from C:\WINDOWS\SYSTEM32\PROPSYS.dll
[0410/020734.646:ERROR:process_memory_win.cc(73)] ReadMemory at 0x7ffed5d00000 of 64 bytes failed: Only part of a ReadProcessMemory or WriteProcessMemory request was completed. (0x12B)
[0410/020734.646:WARNING:pe_image_reader.cc(340)] could not read dos header from C:\WINDOWS\SYSTEM32\SSPICLI.DLL
[0410/020734.646:ERROR:process_memory_win.cc(73)] ReadMemory at 0x7ffed5a10000 of 64 bytes failed: Only part of a ReadProcessMemory or WriteProcessMemory request was completed. (0x12B)
[0410/020734.646:WARNING:pe_image_reader.cc(340)] could not read dos header from C:\WINDOWS\System32\MSASN1.dll
[0410/020734.646:ERROR:process_memory_win.cc(73)] ReadMemory at 0x7ffed66b0000 of 64 bytes failed: Only part of a ReadProcessMemory or WriteProcessMemory request was completed. (0x12B)
[0410/020734.646:WARNING:pe_image_reader.cc(340)] could not read dos header from C:\WINDOWS\System32\bcryptPrimitives.dll
[0410/020734.646:ERROR:process_memory_win.cc(73)] ReadMemory at 0x7ffed5d50000 of 64 bytes failed: Only part of a ReadProcessMemory or WriteProcessMemory request was completed. (0x12B)
[0410/020734.646:WARNING:pe_image_reader.cc(340)] could not read dos header from C:\WINDOWS\System32\profapi.dll
[0410/020734.646:ERROR:process_memory_win.cc(73)] ReadMemory at 0x7ffed5790000 of 64 bytes failed: Only part of a ReadProcessMemory or WriteProcessMemory request was completed. (0x12B)
[0410/020734.646:WARNING:pe_image_reader.cc(340)] could not read dos header from C:\WINDOWS\SYSTEM32\CRYPTBASE.DLL
[0410/020734.695:ERROR:process_memory_win.cc(73)] ReadMemory at 0x668b5ea000 of 90112 bytes failed: Only part of a ReadProcessMemory or WriteProcessMemory request was completed. (0x12B)
[0410/020734.695:ERROR:process_memory_win.cc(73)] ReadMemory at 0x668bdfe000 of 8192 bytes failed: Only part of a ReadProcessMemory or WriteProcessMemory request was completed. (0x12B)
[0410/020734.695:ERROR:process_memory_win.cc(73)] ReadMemory at 0x668c5fd000 of 12288 bytes failed: Only part of a ReadProcessMemory or WriteProcessMemory request was completed. (0x12B)
[0410/020734.695:ERROR:process_memory_win.cc(73)] ReadMemory at 0x668d5fc000 of 16384 bytes failed: Only part of a ReadProcessMemory or WriteProcessMemory request was completed. (0x12B)
[0410/020734.695:ERROR:process_memory_win.cc(73)] ReadMemory at 0x668ddfc000 of 16384 bytes failed: Only part of a ReadProcessMemory or WriteProcessMemory request was completed. (0x12B)
[0410/020734.695:ERROR:process_memory_win.cc(73)] ReadMemory at 0x668e5fd000 of 12288 bytes failed: Only part of a ReadProcessMemory or WriteProcessMemory request was completed. (0x12B)
[0410/020734.695:ERROR:process_memory_win.cc(73)] ReadMemory at 0x668edfb000 of 20480 bytes failed: Only part of a ReadProcessMemory or WriteProcessMemory request was completed. (0x12B)
[0410/020734.695:ERROR:process_memory_win.cc(73)] ReadMemory at 0x668fdfd000 of 12288 bytes failed: Only part of a ReadProcessMemory or WriteProcessMemory request was completed. (0x12B)
[0410/020734.703:ERROR:process_memory_win.cc(73)] ReadMemory at 0x66905f7000 of 36864 bytes failed: Only part of a ReadProcessMemory or WriteProcessMemory request was completed. (0x12B)
[0410/020734.703:ERROR:process_memory_win.cc(73)] ReadMemory at 0x6690dfa000 of 24576 bytes failed: Only part of a ReadProcessMemory or WriteProcessMemory request was completed. (0x12B)
[0410/020734.703:ERROR:process_memory_win.cc(73)] ReadMemory at 0x66915f7000 of 36864 bytes failed: Only part of a ReadProcessMemory or WriteProcessMemory request was completed. (0x12B)
[0410/020734.703:ERROR:process_memory_win.cc(73)] ReadMemory at 0x6691df6000 of 40960 bytes failed: Only part of a ReadProcessMemory or WriteProcessMemory request was completed. (0x12B)
[0410/020734.704:ERROR:process_memory_win.cc(73)] ReadMemory at 0x66925fd000 of 12288 bytes failed: Only part of a ReadProcessMemory or WriteProcessMemory request was completed. (0x12B)
[0410/020734.704:ERROR:process_memory_win.cc(73)] ReadMemory at 0x6692dfd000 of 12288 bytes failed: Only part of a ReadProcessMemory or WriteProcessMemory request was completed. (0x12B)
[0410/020734.704:ERROR:process_memory_win.cc(73)] ReadMemory at 0x668cdfd000 of 12288 bytes failed: Only part of a ReadProcessMemory or WriteProcessMemory request was completed. (0x12B)
[0410/020734.704:ERROR:process_memory_win.cc(73)] ReadMemory at 0x6695df5000 of 45056 bytes failed: Only part of a ReadProcessMemory or WriteProcessMemory request was completed. (0x12B)
[0410/020734.705:ERROR:process_memory_win.cc(73)] ReadMemory at 0x668f5fd000 of 12288 bytes failed: Only part of a ReadProcessMemory or WriteProcessMemory request was completed. (0x12B)
[0410/020734.705:ERROR:process_memory_win.cc(73)] ReadMemory at 0x66935fc000 of 16384 bytes failed: Only part of a ReadProcessMemory or WriteProcessMemory request was completed. (0x12B)
[0410/020734.705:ERROR:process_memory_win.cc(73)] ReadMemory at 0x6693dfc000 of 16384 bytes failed: Only part of a ReadProcessMemory or WriteProcessMemory request was completed. (0x12B)
[0410/020734.705:ERROR:process_memory_win.cc(73)] ReadMemory at 0x6694dfc000 of 16384 bytes failed: Only part of a ReadProcessMemory or WriteProcessMemory request was completed. (0x12B)
[0410/020734.706:ERROR:process_memory_win.cc(73)] ReadMemory at 0x66955fc000 of 16384 bytes failed: Only part of a ReadProcessMemory or WriteProcessMemory request was completed. (0x12B)
[0410/020734.706:ERROR:process_memory_win.cc(73)] ReadMemory at 0x66945fd000 of 12288 bytes failed: Only part of a ReadProcessMemory or WriteProcessMemory request was completed. (0x12B)
[0410/020734.706:ERROR:process_memory_win.cc(73)] ReadMemory at 0x66965fe000 of 8192 bytes failed: Only part of a ReadProcessMemory or WriteProcessMemory request was completed. (0x12B)
[0410/020734.706:ERROR:process_memory_win.cc(73)] ReadMemory at 0x668aca9000 of 852 bytes failed: Only part of a ReadProcessMemory or WriteProcessMemory request was completed. (0x12B)
[0410/020734.706:ERROR:process_memory_win.cc(73)] ReadMemory at 0x668acaa000 of 6024 bytes failed: Only part of a ReadProcessMemory or WriteProcessMemory request was completed. (0x12B)
[0410/020734.706:ERROR:process_memory_win.cc(73)] ReadMemory at 0x668acac000 of 6024 bytes failed: Only part of a ReadProcessMemory or WriteProcessMemory request was completed. (0x12B)
[0410/020734.706:ERROR:process_memory_win.cc(73)] ReadMemory at 0x668acae000 of 6024 bytes failed: Only part of a ReadProcessMemory or WriteProcessMemory request was completed. (0x12B)
[0410/020734.706:ERROR:process_memory_win.cc(73)] ReadMemory at 0x668acb2000 of 6024 bytes failed: Only part of a ReadProcessMemory or WriteProcessMemory request was completed. (0x12B)
[0410/020734.706:ERROR:process_memory_win.cc(73)] ReadMemory at 0x668acb4000 of 6024 bytes failed: Only part of a ReadProcessMemory or WriteProcessMemory request was completed. (0x12B)
[0410/020734.706:ERROR:process_memory_win.cc(73)] ReadMemory at 0x668acb6000 of 6024 bytes failed: Only part of a ReadProcessMemory or WriteProcessMemory request was completed. (0x12B)
[0410/020734.706:ERROR:process_memory_win.cc(73)] ReadMemory at 0x668acb8000 of 6024 bytes failed: Only part of a ReadProcessMemory or WriteProcessMemory request was completed. (0x12B)
[0410/020734.706:ERROR:process_memory_win.cc(73)] ReadMemory at 0x668acbc000 of 6024 bytes failed: Only part of a ReadProcessMemory or WriteProcessMemory request was completed. (0x12B)
[0410/020734.706:ERROR:process_memory_win.cc(73)] ReadMemory at 0x668acbe000 of 6024 bytes failed: Only part of a ReadProcessMemory or WriteProcessMemory request was completed. (0x12B)
[0410/020734.706:ERROR:process_memory_win.cc(73)] ReadMemory at 0x668acc0000 of 6024 bytes failed: Only part of a ReadProcessMemory or WriteProcessMemory request was completed. (0x12B)
[0410/020734.706:ERROR:process_memory_win.cc(73)] ReadMemory at 0x668acc2000 of 6024 bytes failed: Only part of a ReadProcessMemory or WriteProcessMemory request was completed. (0x12B)
[0410/020734.706:ERROR:process_memory_win.cc(73)] ReadMemory at 0x668acc4000 of 6024 bytes failed: Only part of a ReadProcessMemory or WriteProcessMemory request was completed. (0x12B)
[0410/020734.706:ERROR:process_memory_win.cc(73)] ReadMemory at 0x668acc6000 of 6024 bytes failed: Only part of a ReadProcessMemory or WriteProcessMemory request was completed. (0x12B)
[0410/020734.706:ERROR:process_memory_win.cc(73)] ReadMemory at 0x668acc8000 of 6024 bytes failed: Only part of a ReadProcessMemory or WriteProcessMemory request was completed. (0x12B)
[0410/020734.706:ERROR:process_memory_win.cc(73)] ReadMemory at 0x668acd6000 of 6024 bytes failed: Only part of a ReadProcessMemory or WriteProcessMemory request was completed. (0x12B)
[0410/020734.706:ERROR:process_memory_win.cc(73)] ReadMemory at 0x668ad4a000 of 6024 bytes failed: Only part of a ReadProcessMemory or WriteProcessMemory request was completed. (0x12B)
[0410/020734.706:ERROR:process_memory_win.cc(73)] ReadMemory at 0x668ad4c000 of 6024 bytes failed: Only part of a ReadProcessMemory or WriteProcessMemory request was completed. (0x12B)
[0410/020734.706:ERROR:process_memory_win.cc(73)] ReadMemory at 0x668ad4e000 of 6024 bytes failed: Only part of a ReadProcessMemory or WriteProcessMemory request was completed. (0x12B)
[0410/020734.706:ERROR:process_memory_win.cc(73)] ReadMemory at 0x668ad50000 of 6024 bytes failed: Only part of a ReadProcessMemory or WriteProcessMemory request was completed. (0x12B)
[0410/020734.706:ERROR:process_memory_win.cc(73)] ReadMemory at 0x668ad52000 of 6024 bytes failed: Only part of a ReadProcessMemory or WriteProcessMemory request was completed. (0x12B)
[0410/020734.706:ERROR:process_memory_win.cc(73)] ReadMemory at 0x668ad54000 of 6024 bytes failed: Only part of a ReadProcessMemory or WriteProcessMemory request was completed. (0x12B)
[0410/020734.706:ERROR:process_memory_win.cc(73)] ReadMemory at 0x668ad56000 of 6024 bytes failed: Only part of a ReadProcessMemory or WriteProcessMemory request was completed. (0x12B)
[0410/020734.706:ERROR:process_memory_win.cc(73)] ReadMemory at 0x668ad58000 of 6024 bytes failed: Only part of a ReadProcessMemory or WriteProcessMemory request was completed. (0x12B)
[0410/020734.706:ERROR:process_memory_win.cc(73)] ReadMemory at 0x1b0ce6402c0 of 40 bytes failed: Only part of a ReadProcessMemory or WriteProcessMemory request was completed. (0x12B)
[0410/020734.706:ERROR:process_memory_win.cc(73)] ReadMemory at 0x1b0ce6502c0 of 40 bytes failed: Only part of a ReadProcessMemory or WriteProcessMemory request was completed. (0x12B)
[0410/020734.706:ERROR:process_memory_win.cc(73)] ReadMemory at 0x1b0ce6e02c0 of 40 bytes failed: Only part of a ReadProcessMemory or WriteProcessMemory request was completed. (0x12B)
[0410/020734.706:ERROR:process_memory_win.cc(73)] ReadMemory at 0x1b0ce7002c0 of 40 bytes failed: Only part of a ReadProcessMemory or WriteProcessMemory request was completed. (0x12B)
[0410/020734.706:ERROR:process_memory_win.cc(73)] ReadMemory at 0x1b0ce700fe0 of 20610 bytes failed: Only part of a ReadProcessMemory or WriteProcessMemory request was completed. (0x12B)
[0410/020734.706:ERROR:process_memory_win.cc(73)] ReadMemory at 0x1b0ce706070 of 1012 bytes failed: Only part of a ReadProcessMemory or WriteProcessMemory request was completed. (0x12B)
[0410/020734.706:ERROR:process_memory_win.cc(73)] ReadMemory at 0x1b0ce7066b8 of 120 bytes failed: Only part of a ReadProcessMemory or WriteProcessMemory request was completed. (0x12B)
[0410/020734.706:ERROR:process_memory_win.cc(73)] ReadMemory at 0x1b0ce706732 of 882 bytes failed: Only part of a ReadProcessMemory or WriteProcessMemory request was completed. (0x12B)
[0410/020734.706:ERROR:process_memory_win.cc(73)] ReadMemory at 0x1b0ce706aa6 of 120 bytes failed: Only part of a ReadProcessMemory or WriteProcessMemory request was completed. (0x12B)
[0410/020734.706:ERROR:process_memory_win.cc(73)] ReadMemory at 0x1b0ce706b20 of 102 bytes failed: Only part of a ReadProcessMemory or WriteProcessMemory request was completed. (0x12B)
[0410/020734.706:ERROR:process_memory_win.cc(73)] ReadMemory at 0x1b0ce706ba0 of 58 bytes failed: Only part of a ReadProcessMemory or WriteProcessMemory request was completed. (0x12B)
[0410/020734.706:ERROR:process_memory_win.cc(73)] ReadMemory at 0x1b0ce706ca0 of 132 bytes failed: Only part of a ReadProcessMemory or WriteProcessMemory request was completed. (0x12B)
[0410/020734.706:ERROR:process_memory_win.cc(73)] ReadMemory at 0x1b0ce706e30 of 132 bytes failed: Only part of a ReadProcessMemory or WriteProcessMemory request was completed. (0x12B)
[0410/020734.706:ERROR:process_memory_win.cc(73)] ReadMemory at 0x1b0ce7073d0 of 132 bytes failed: Only part of a ReadProcessMemory or WriteProcessMemory request was completed. (0x12B)
[0410/020734.706:ERROR:process_memory_win.cc(73)] ReadMemory at 0x1b0ce707560 of 64 bytes failed: Only part of a ReadProcessMemory or WriteProcessMemory request was completed. (0x12B)
[0410/020734.706:ERROR:process_memory_win.cc(73)] ReadMemory at 0x1b0ce7075b0 of 132 bytes failed: Only part of a ReadProcessMemory or WriteProcessMemory request was completed. (0x12B)
[0410/020734.706:ERROR:process_memory_win.cc(73)] ReadMemory at 0x1b0ce707720 of 132 bytes failed: Only part of a ReadProcessMemory or WriteProcessMemory request was completed. (0x12B)
[0410/020734.706:ERROR:process_memory_win.cc(73)] ReadMemory at 0x1b0ce7079e0 of 132 bytes failed: Only part of a ReadProcessMemory or WriteProcessMemory request was completed. (0x12B)
[0410/020734.706:ERROR:process_memory_win.cc(73)] ReadMemory at 0x1b0ce707b70 of 68 bytes failed: Only part of a ReadProcessMemory or WriteProcessMemory request was completed. (0x12B)
[0410/020734.706:ERROR:process_memory_win.cc(73)] ReadMemory at 0x1b0ce708c80 of 132 bytes failed: Only part of a ReadProcessMemory or WriteProcessMemory request was completed. (0x12B)
[0410/020734.706:ERROR:process_memory_win.cc(73)] ReadMemory at 0x1b0ce708db0 of 154 bytes failed: Only part of a ReadProcessMemory or WriteProcessMemory request was completed. (0x12B)
[0410/020734.706:ERROR:process_memory_win.cc(73)] ReadMemory at 0x1b0ce709bc0 of 132 bytes failed: Only part of a ReadProcessMemory or WriteProcessMemory request was completed. (0x12B)
[0410/020734.706:ERROR:process_memory_win.cc(73)] ReadMemory at 0x1b0ce709d50 of 60 bytes failed: Only part of a ReadProcessMemory or WriteProcessMemory request was completed. (0x12B)
[0410/020734.706:ERROR:process_memory_win.cc(73)] ReadMemory at 0x1b0ce709da0 of 48 bytes failed: Only part of a ReadProcessMemory or WriteProcessMemory request was completed. (0x12B)
[0410/020734.706:ERROR:process_memory_win.cc(73)] ReadMemory at 0x1b0ce70a350 of 132 bytes failed: Only part of a ReadProcessMemory or WriteProcessMemory request was completed. (0x12B)
[0410/020734.706:ERROR:process_memory_win.cc(73)] ReadMemory at 0x1b0ce70a560 of 132 bytes failed: Only part of a ReadProcessMemory or WriteProcessMemory request was completed. (0x12B)
[0410/020734.706:ERROR:process_memory_win.cc(73)] ReadMemory at 0x1b0ce70a840 of 132 bytes failed: Only part of a ReadProcessMemory or WriteProcessMemory request was completed. (0x12B)
[0410/020734.706:ERROR:process_memory_win.cc(73)] ReadMemory at 0x1b0ce70a9a0 of 126 bytes failed: Only part of a ReadProcessMemory or WriteProcessMemory request was completed. (0x12B)
[0410/020734.706:ERROR:process_memory_win.cc(73)] ReadMemory at 0x1b0ce70be60 of 62 bytes failed: Only part of a ReadProcessMemory or WriteProcessMemory request was completed. (0x12B)
[0410/020734.706:ERROR:process_memory_win.cc(73)] ReadMemory at 0x1b0ce70bee0 of 132 bytes failed: Only part of a ReadProcessMemory or WriteProcessMemory request was completed. (0x12B)
[0410/020734.706:ERROR:process_memory_win.cc(73)] ReadMemory at 0x1b0ce70c110 of 132 bytes failed: Only part of a ReadProcessMemory or WriteProcessMemory request was completed. (0x12B)
[0410/020734.706:ERROR:process_memory_win.cc(73)] ReadMemory at 0x1b0ce70ea80 of 60 bytes failed: Only part of a ReadProcessMemory or WriteProcessMemory request was completed. (0x12B)
[0410/020734.706:ERROR:process_memory_win.cc(73)] ReadMemory at 0x1b0ce70eb20 of 60 bytes failed: Only part of a ReadProcessMemory or WriteProcessMemory request was completed. (0x12B)
[0410/020734.706:ERROR:process_memory_win.cc(73)] ReadMemory at 0x1b0ce70eb70 of 66 bytes failed: Only part of a ReadProcessMemory or WriteProcessMemory request was completed. (0x12B)
[0410/020734.706:ERROR:process_memory_win.cc(73)] ReadMemory at 0x1b0ce70ec60 of 62 bytes failed: Only part of a ReadProcessMemory or WriteProcessMemory request was completed. (0x12B)
[0410/020734.706:ERROR:process_memory_win.cc(73)] ReadMemory at 0x1b0ce70ed50 of 64 bytes failed: Only part of a ReadProcessMemory or WriteProcessMemory request was completed. (0x12B)
[0410/020734.706:ERROR:process_memory_win.cc(73)] ReadMemory at 0x1b0ce70eda0 of 64 bytes failed: Only part of a ReadProcessMemory or WriteProcessMemory request was completed. (0x12B)
[0410/020734.706:ERROR:process_memory_win.cc(73)] ReadMemory at 0x1b0ce70edf0 of 62 bytes failed: Only part of a ReadProcessMemory or WriteProcessMemory request was completed. (0x12B)
[0410/020734.706:ERROR:process_memory_win.cc(73)] ReadMemory at 0x1b0ce70ee40 of 64 bytes failed: Only part of a ReadProcessMemory or WriteProcessMemory request was completed. (0x12B)
[0410/020734.706:ERROR:process_memory_win.cc(73)] ReadMemory at 0x1b0ce70ee90 of 64 bytes failed: Only part of a ReadProcessMemory or WriteProcessMemory request was completed. (0x12B)
[0410/020734.706:ERROR:process_memory_win.cc(73)] ReadMemory at 0x1b0ce70eee0 of 62 bytes failed: Only part of a ReadProcessMemory or WriteProcessMemory request was completed. (0x12B)
[0410/020734.706:ERROR:process_memory_win.cc(73)] ReadMemory at 0x1b0ce70f410 of 62 bytes failed: Only part of a ReadProcessMemory or WriteProcessMemory request was completed. (0x12B)
[0410/020734.706:ERROR:process_memory_win.cc(73)] ReadMemory at 0x1b0ce70f500 of 62 bytes failed: Only part of a ReadProcessMemory or WriteProcessMemory request was completed. (0x12B)
[0410/020734.706:ERROR:process_memory_win.cc(73)] ReadMemory at 0x1b0ce70f690 of 60 bytes failed: Only part of a ReadProcessMemory or WriteProcessMemory request was completed. (0x12B)
[0410/020734.706:ERROR:process_memory_win.cc(73)] ReadMemory at 0x1b0ce70f6e0 of 64 bytes failed: Only part of a ReadProcessMemory or WriteProcessMemory request was completed. (0x12B)
[0410/020734.706:ERROR:process_memory_win.cc(73)] ReadMemory at 0x1b0ce70f780 of 62 bytes failed: Only part of a ReadProcessMemory or WriteProcessMemory request was completed. (0x12B)
[0410/020734.706:ERROR:process_memory_win.cc(73)] ReadMemory at 0x1b0ce70faa0 of 58 bytes failed: Only part of a ReadProcessMemory or WriteProcessMemory request was completed. (0x12B)
[0410/020734.706:ERROR:process_memory_win.cc(73)] ReadMemory at 0x1b0ce70fb40 of 64 bytes failed: Only part of a ReadProcessMemory or WriteProcessMemory request was completed. (0x12B)
[0410/020734.706:ERROR:process_memory_win.cc(73)] ReadMemory at 0x1b0ce70fc80 of 64 bytes failed: Only part of a ReadProcessMemory or WriteProcessMemory request was completed. (0x12B)
[0410/020734.706:ERROR:process_memory_win.cc(73)] ReadMemory at 0x1b0ce70fcd0 of 62 bytes failed: Only part of a ReadProcessMemory or WriteProcessMemory request was completed. (0x12B)
[0410/020734.706:ERROR:process_memory_win.cc(73)] ReadMemory at 0x1b0ce70fd20 of 62 bytes failed: Only part of a ReadProcessMemory or WriteProcessMemory request was completed. (0x12B)
[0410/020734.706:ERROR:process_memory_win.cc(73)] ReadMemory at 0x1b0ce70fe10 of 62 bytes failed: Only part of a ReadProcessMemory or WriteProcessMemory request was completed. (0x12B)
[0410/020734.706:ERROR:process_memory_win.cc(73)] ReadMemory at 0x1b0ce70fff0 of 60 bytes failed: Only part of a ReadProcessMemory or WriteProcessMemory request was completed. (0x12B)
[0410/020734.706:ERROR:process_memory_win.cc(73)] ReadMemory at 0x1b0ce711cf0 of 132 bytes failed: Only part of a ReadProcessMemory or WriteProcessMemory request was completed. (0x12B)
[0410/020734.706:ERROR:process_memory_win.cc(73)] ReadMemory at 0x1b0ce711f10 of 132 bytes failed: Only part of a ReadProcessMemory or WriteProcessMemory request was completed. (0x12B)
[0410/020734.706:ERROR:process_memory_win.cc(73)] ReadMemory at 0x1b0ce711fc0 of 512 bytes failed: Only part of a ReadProcessMemory or WriteProcessMemory request was completed. (0x12B)
[0410/020734.706:ERROR:process_memory_win.cc(73)] ReadMemory at 0x1b0ce7144d0 of 132 bytes failed: Only part of a ReadProcessMemory or WriteProcessMemory request was completed. (0x12B)
[0410/020734.706:ERROR:process_memory_win.cc(73)] ReadMemory at 0x1b0ce714600 of 132 bytes failed: Only part of a ReadProcessMemory or WriteProcessMemory request was completed. (0x12B)
[0410/020734.706:ERROR:process_memory_win.cc(73)] ReadMemory at 0x1b0ce714730 of 132 bytes failed: Only part of a ReadProcessMemory or WriteProcessMemory request was completed. (0x12B)
[0410/020734.706:ERROR:process_memory_win.cc(73)] ReadMemory at 0x1b0ce714860 of 132 bytes failed: Only part of a ReadProcessMemory or WriteProcessMemory request was completed. (0x12B)
[0410/020734.706:ERROR:process_memory_win.cc(73)] ReadMemory at 0x1b0ce714990 of 132 bytes failed: Only part of a ReadProcessMemory or WriteProcessMemory request was completed. (0x12B)
[0410/020734.706:ERROR:process_memory_win.cc(73)] ReadMemory at 0x1b0ce714ac0 of 132 bytes failed: Only part of a ReadProcessMemory or WriteProcessMemory request was completed. (0x12B)
[0410/020734.706:ERROR:process_memory_win.cc(73)] ReadMemory at 0x1b0ce714bf0 of 132 bytes failed: Only part of a ReadProcessMemory or WriteProcessMemory request was completed. (0x12B)
[0410/020734.706:ERROR:process_memory_win.cc(73)] ReadMemory at 0x1b0ce714d20 of 132 bytes failed: Only part of a ReadProcessMemory or WriteProcessMemory request was completed. (0x12B)
[0410/020734.706:ERROR:process_memory_win.cc(73)] ReadMemory at 0x1b0ce714f80 of 132 bytes failed: Only part of a ReadProcessMemory or WriteProcessMemory request was completed. (0x12B)
[0410/020734.706:ERROR:process_memory_win.cc(73)] ReadMemory at 0x1b0ce7150b0 of 132 bytes failed: Only part of a ReadProcessMemory or WriteProcessMemory request was completed. (0x12B)
[0410/020734.721:ERROR:process_memory_win.cc(73)] ReadMemory at 0x1b0ce7151e0 of 132 bytes failed: Only part of a ReadProcessMemory or WriteProcessMemory request was completed. (0x12B)
[0410/020734.721:ERROR:process_memory_win.cc(73)] ReadMemory at 0x1b0ce715310 of 132 bytes failed: Only part of a ReadProcessMemory or WriteProcessMemory request was completed. (0x12B)
[0410/020734.721:ERROR:process_memory_win.cc(73)] ReadMemory at 0x1b0ce716080 of 146 bytes failed: Only part of a ReadProcessMemory or WriteProcessMemory request was completed. (0x12B)
[0410/020734.721:ERROR:process_memory_win.cc(73)] ReadMemory at 0x1b0ce717c90 of 80 bytes failed: Only part of a ReadProcessMemory or WriteProcessMemory request was completed. (0x12B)
[0410/020734.721:ERROR:process_memory_win.cc(73)] ReadMemory at 0x1b0ce718530 of 80 bytes failed: Only part of a ReadProcessMemory or WriteProcessMemory request was completed. (0x12B)
[0410/020734.721:ERROR:process_memory_win.cc(73)] ReadMemory at 0x1b0ce71aca0 of 132 bytes failed: Only part of a ReadProcessMemory or WriteProcessMemory request was completed. (0x12B)
[0410/020734.722:ERROR:process_memory_win.cc(73)] ReadMemory at 0x1b0ce71add0 of 132 bytes failed: Only part of a ReadProcessMemory or WriteProcessMemory request was completed. (0x12B)
[0410/020734.722:ERROR:process_memory_win.cc(73)] ReadMemory at 0x1b0ce71e930 of 132 bytes failed: Only part of a ReadProcessMemory or WriteProcessMemory request was completed. (0x12B)
[0410/020734.722:ERROR:process_memory_win.cc(73)] ReadMemory at 0x1b0ce71f770 of 132 bytes failed: Only part of a ReadProcessMemory or WriteProcessMemory request was completed. (0x12B)
[0410/020734.722:ERROR:process_memory_win.cc(73)] ReadMemory at 0x1b0ce71fb00 of 132 bytes failed: Only part of a ReadProcessMemory or WriteProcessMemory request was completed. (0x12B)
[0410/020734.722:ERROR:process_memory_win.cc(73)] ReadMemory at 0x1b0ce7200f0 of 132 bytes failed: Only part of a ReadProcessMemory or WriteProcessMemory request was completed. (0x12B)
[0410/020734.722:ERROR:process_memory_win.cc(73)] ReadMemory at 0x1b0ce728710 of 62 bytes failed: Only part of a ReadProcessMemory or WriteProcessMemory request was completed. (0x12B)
[0410/020734.722:ERROR:process_memory_win.cc(73)] ReadMemory at 0x1b0ce72b7d0 of 48 bytes failed: Only part of a ReadProcessMemory or WriteProcessMemory request was completed. (0x12B)
[0410/020734.722:ERROR:process_memory_win.cc(73)] ReadMemory at 0x1b0ce72bd50 of 48 bytes failed: Only part of a ReadProcessMemory or WriteProcessMemory request was completed. (0x12B)
[0410/020734.722:ERROR:process_memory_win.cc(73)] ReadMemory at 0x1b0ce732ab0 of 512 bytes failed: Only part of a ReadProcessMemory or WriteProcessMemory request was completed. (0x12B)
[0410/020734.722:ERROR:process_memory_win.cc(73)] ReadMemory at 0x1b0ce732fb0 of 40 bytes failed: Only part of a ReadProcessMemory or WriteProcessMemory request was completed. (0x12B)
[0410/020734.722:ERROR:process_memory_win.cc(73)] ReadMemory at 0x1b0ce9b02c0 of 40 bytes failed: Only part of a ReadProcessMemory or WriteProcessMemory request was completed. (0x12B)
[0410/020734.722:ERROR:process_memory_win.cc(73)] ReadMemory at 0x1b0ceac02c0 of 40 bytes failed: Only part of a ReadProcessMemory or WriteProcessMemory request was completed. (0x12B)
[0410/020734.722:ERROR:process_memory_win.cc(73)] ReadMemory at 0x1b0ceaf02c0 of 40 bytes failed: Only part of a ReadProcessMemory or WriteProcessMemory request was completed. (0x12B)
[0410/020734.722:ERROR:process_memory_win.cc(73)] ReadMemory at 0x1b0ceafd430 of 512 bytes failed: Only part of a ReadProcessMemory or WriteProcessMemory request was completed. (0x12B)
[0410/020734.722:ERROR:process_memory_win.cc(73)] ReadMemory at 0x1b0cec502c0 of 40 bytes failed: Only part of a ReadProcessMemory or WriteProcessMemory request was completed. (0x12B)
[0410/020734.722:ERROR:process_memory_win.cc(73)] ReadMemory at 0x1b0cec61000 of 512 bytes failed: Only part of a ReadProcessMemory or WriteProcessMemory request was completed. (0x12B)
[0410/020734.722:ERROR:process_memory_win.cc(73)] ReadMemory at 0x1b0cec61300 of 512 bytes failed: Only part of a ReadProcessMemory or WriteProcessMemory request was completed. (0x12B)
[0410/020734.722:ERROR:process_memory_win.cc(73)] ReadMemory at 0x1b0cece5f80 of 512 bytes failed: Only part of a ReadProcessMemory or WriteProcessMemory request was completed. (0x12B)
[0410/020734.722:ERROR:process_memory_win.cc(73)] ReadMemory at 0x1b0cecebdc0 of 512 bytes failed: Only part of a ReadProcessMemory or WriteProcessMemory request was completed. (0x12B)
[0410/020734.722:ERROR:process_memory_win.cc(73)] ReadMemory at 0x1b0cecee438 of 512 bytes failed: Only part of a ReadProcessMemory or WriteProcessMemory request was completed. (0x12B)
[0410/020734.722:ERROR:process_memory_win.cc(73)] ReadMemory at 0x1b0ced0dd30 of 712 bytes failed: Only part of a ReadProcessMemory or WriteProcessMemory request was completed. (0x12B)
[0410/020734.722:ERROR:process_memory_win.cc(73)] ReadMemory at 0x1b0ced91f20 of 1712 bytes failed: Only part of a ReadProcessMemory or WriteProcessMemory request was completed. (0x12B)
[0410/020734.722:ERROR:process_memory_win.cc(73)] ReadMemory at 0x1b0d0f6ed40 of 512 bytes failed: Only part of a ReadProcessMemory or WriteProcessMemory request was completed. (0x12B)
[0410/020734.722:ERROR:process_memory_win.cc(73)] ReadMemory at 0x1b0d1088c68 of 512 bytes failed: Only part of a ReadProcessMemory or WriteProcessMemory request was completed. (0x12B)
[0410/020734.722:ERROR:process_memory_win.cc(73)] ReadMemory at 0x1b0d19d3f40 of 512 bytes failed: Only part of a ReadProcessMemory or WriteProcessMemory request was completed. (0x12B)
[0410/020734.722:ERROR:process_memory_win.cc(73)] ReadMemory at 0x1b0d19d5f5c of 512 bytes failed: Only part of a ReadProcessMemory or WriteProcessMemory request was completed. (0x12B)
[0410/020734.722:ERROR:process_memory_win.cc(73)] ReadMemory at 0x1b0d1e61d80 of 512 bytes failed: Only part of a ReadProcessMemory or WriteProcessMemory request was completed. (0x12B)
[0410/020734.722:ERROR:process_memory_win.cc(73)] ReadMemory at 0x1b0d21711e0 of 512 bytes failed: Only part of a ReadProcessMemory or WriteProcessMemory request was completed. (0x12B)
[0410/020734.722:ERROR:process_memory_win.cc(73)] ReadMemory at 0x1b0d2353cd0 of 512 bytes failed: Only part of a ReadProcessMemory or WriteProcessMemory request was completed. (0x12B)
[0410/020734.722:ERROR:process_memory_win.cc(73)] ReadMemory at 0x1b0d5190935 of 512 bytes failed: Only part of a ReadProcessMemory or WriteProcessMemory request was completed. (0x12B)
[0410/020734.722:ERROR:process_memory_win.cc(73)] ReadMemory at 0x1b0d7a311d0 of 512 bytes failed: Only part of a ReadProcessMemory or WriteProcessMemory request was completed. (0x12B)
[0410/020734.722:ERROR:process_memory_win.cc(73)] ReadMemory at 0x1b0db6be170 of 512 bytes failed: Only part of a ReadProcessMemory or WriteProcessMemory request was completed. (0x12B)
[0410/020734.722:ERROR:process_memory_win.cc(73)] ReadMemory at 0x1b0db77c100 of 512 bytes failed: Only part of a ReadProcessMemory or WriteProcessMemory request was completed. (0x12B)
[0410/020734.722:ERROR:process_memory_win.cc(73)] ReadMemory at 0x1b0de3f4650 of 512 bytes failed: Only part of a ReadProcessMemory or WriteProcessMemory request was completed. (0x12B)
[0410/020734.722:ERROR:process_memory_win.cc(73)] ReadMemory at 0x1b0e1ab86f0 of 512 bytes failed: Only part of a ReadProcessMemory or WriteProcessMemory request was completed. (0x12B)
[0410/020734.722:ERROR:process_memory_win.cc(73)] ReadMemory at 0x2c5008040000 of 384 bytes failed: Only part of a ReadProcessMemory or WriteProcessMemory request was completed. (0x12B)
[0410/020734.722:ERROR:process_memory_win.cc(73)] ReadMemory at 0x2c5008040285 of 512 bytes failed: Only part of a ReadProcessMemory or WriteProcessMemory request was completed. (0x12B)
[0410/020734.722:ERROR:process_memory_win.cc(73)] ReadMemory at 0x2c50080435fd of 512 bytes failed: Only part of a ReadProcessMemory or WriteProcessMemory request was completed. (0x12B)
[0410/020734.722:ERROR:process_memory_win.cc(73)] ReadMemory at 0x2c5051ffff80 of 512 bytes failed: Only part of a ReadProcessMemory or WriteProcessMemory request was completed. (0x12B)
[0410/020734.722:ERROR:process_memory_win.cc(73)] ReadMemory at 0x2c505202fe89 of 512 bytes failed: Only part of a ReadProcessMemory or WriteProcessMemory request was completed. (0x12B)
[0410/020734.722:ERROR:process_memory_win.cc(73)] ReadMemory at 0x2c505223ff80 of 512 bytes failed: Only part of a ReadProcessMemory or WriteProcessMemory request was completed. (0x12B)
[0410/020734.722:ERROR:process_memory_win.cc(73)] ReadMemory at 0x2c50522591f1 of 512 bytes failed: Only part of a ReadProcessMemory or WriteProcessMemory request was completed. (0x12B)
[0410/020734.722:ERROR:process_memory_win.cc(73)] ReadMemory at 0x2c50522af345 of 551 bytes failed: Only part of a ReadProcessMemory or WriteProcessMemory request was completed. (0x12B)
[0410/020734.722:ERROR:process_memory_win.cc(73)] ReadMemory at 0x2c50522fff80 of 512 bytes failed: Only part of a ReadProcessMemory or WriteProcessMemory request was completed. (0x12B)
[0410/020734.722:ERROR:process_memory_win.cc(73)] ReadMemory at 0x2c505231f6a5 of 515 bytes failed: Only part of a ReadProcessMemory or WriteProcessMemory request was completed. (0x12B)
[0410/020734.722:ERROR:process_memory_win.cc(73)] ReadMemory at 0x2c505233ca4d of 512 bytes failed: Only part of a ReadProcessMemory or WriteProcessMemory request was completed. (0x12B)
[0410/020734.722:ERROR:process_memory_win.cc(73)] ReadMemory at 0x2c505237ff80 of 512 bytes failed: Only part of a ReadProcessMemory or WriteProcessMemory request was completed. (0x12B)
[0410/020734.722:ERROR:process_memory_win.cc(73)] ReadMemory at 0x2c5052397a18 of 513 bytes failed: Only part of a ReadProcessMemory or WriteProcessMemory request was completed. (0x12B)
[0410/020734.722:ERROR:process_memory_win.cc(73)] ReadMemory at 0x2c50523b1229 of 515 bytes failed: Only part of a ReadProcessMemory or WriteProcessMemory request was completed. (0x12B)
[0410/020734.722:ERROR:process_memory_win.cc(73)] ReadMemory at 0x2c50523bff80 of 512 bytes failed: Only part of a ReadProcessMemory or WriteProcessMemory request was completed. (0x12B)
[0410/020734.722:ERROR:process_memory_win.cc(73)] ReadMemory at 0x2c50523d2d1d of 512 bytes failed: Only part of a ReadProcessMemory or WriteProcessMemory request was completed. (0x12B)
[0410/020734.722:ERROR:process_memory_win.cc(73)] ReadMemory at 0x2c505244f1ed of 543 bytes failed: Only part of a ReadProcessMemory or WriteProcessMemory request was completed. (0x12B)
[0410/020734.722:ERROR:process_memory_win.cc(73)] ReadMemory at 0x2c50766c0098 of 512 bytes failed: Only part of a ReadProcessMemory or WriteProcessMemory request was completed. (0x12B)
[0410/020734.722:ERROR:process_memory_win.cc(73)] ReadMemory at 0x7ffe9143c76f of 512 bytes failed: Only part of a ReadProcessMemory or WriteProcessMemory request was completed. (0x12B)
[0410/020734.722:ERROR:process_memory_win.cc(73)] ReadMemory at 0x7ffe91441713 of 717 bytes failed: Only part of a ReadProcessMemory or WriteProcessMemory request was completed. (0x12B)
[0410/020734.722:ERROR:process_memory_win.cc(73)] ReadMemory at 0x7ffe91441b7a of 580 bytes failed: Only part of a ReadProcessMemory or WriteProcessMemory request was completed. (0x12B)
[0410/020734.722:ERROR:process_memory_win.cc(73)] ReadMemory at 0x7ffe914b2e29 of 512 bytes failed: Only part of a ReadProcessMemory or WriteProcessMemory request was completed. (0x12B)
[0410/020734.722:ERROR:process_memory_win.cc(73)] ReadMemory at 0x7ffe921deb3c of 512 bytes failed: Only part of a ReadProcessMemory or WriteProcessMemory request was completed. (0x12B)
[0410/020734.722:ERROR:process_memory_win.cc(73)] ReadMemory at 0x7ffe9615a1a8 of 512 bytes failed: Only part of a ReadProcessMemory or WriteProcessMemory request was completed. (0x12B)
[0410/020734.722:ERROR:process_memory_win.cc(73)] ReadMemory at 0x7ffe963d4860 of 512 bytes failed: Only part of a ReadProcessMemory or WriteProcessMemory request was completed. (0x12B)
[0410/020734.722:ERROR:process_memory_win.cc(73)] ReadMemory at 0x7ffe966a3f20 of 512 bytes failed: Only part of a ReadProcessMemory or WriteProcessMemory request was completed. (0x12B)
[0410/020734.722:ERROR:process_memory_win.cc(73)] ReadMemory at 0x7ffeb8bf3ca6 of 512 bytes failed: Only part of a ReadProcessMemory or WriteProcessMemory request was completed. (0x12B)
[0410/020734.722:ERROR:process_memory_win.cc(73)] ReadMemory at 0x7ffeb8c92288 of 712 bytes failed: Only part of a ReadProcessMemory or WriteProcessMemory request was completed. (0x12B)
[0410/020734.722:ERROR:process_memory_win.cc(73)] ReadMemory at 0x7ffeb8c96f40 of 40 bytes failed: Only part of a ReadProcessMemory or WriteProcessMemory request was completed. (0x12B)
[0410/020734.722:ERROR:process_memory_win.cc(73)] ReadMemory at 0x7ffed5d2ad30 of 40 bytes failed: Only part of a ReadProcessMemory or WriteProcessMemory request was completed. (0x12B)
[0410/020734.722:ERROR:process_memory_win.cc(73)] ReadMemory at 0x7ffed745f5b0 of 176 bytes failed: Only part of a ReadProcessMemory or WriteProcessMemory request was completed. (0x12B)
[0410/020734.722:ERROR:process_memory_win.cc(73)] ReadMemory at 0x7ffed876add4 of 672 bytes failed: Only part of a ReadProcessMemory or WriteProcessMemory request was completed. (0x12B)
[0410/020734.722:ERROR:process_memory_win.cc(73)] ReadMemory at 0x7ffed876e744 of 608 bytes failed: Only part of a ReadProcessMemory or WriteProcessMemory request was completed. (0x12B)
[0410/020734.722:ERROR:process_memory_win.cc(73)] ReadMemory at 0x7ffed87ff650 of 18 bytes failed: Only part of a ReadProcessMemory or WriteProcessMemory request was completed. (0x12B)
[0410/020734.722:ERROR:process_memory_win.cc(73)] ReadMemory at 0x7ffed88334f8 of 40 bytes failed: Only part of a ReadProcessMemory or WriteProcessMemory request was completed. (0x12B)
[0410/020734.722:ERROR:process_memory_win.cc(73)] ReadMemory at 0x7ffed8833560 of 48 bytes failed: Only part of a ReadProcessMemory or WriteProcessMemory request was completed. (0x12B)
[0410/020734.722:ERROR:process_memory_win.cc(73)] ReadMemory at 0x7ffed8833978 of 48 bytes failed: Only part of a ReadProcessMemory or WriteProcessMemory request was completed. (0x12B)
[0410/020734.722:ERROR:process_memory_win.cc(73)] ReadMemory at 0x7ffed8837ce0 of 40 bytes failed: Only part of a ReadProcessMemory or WriteProcessMemory request was completed. (0x12B)
[0410/020734.722:ERROR:process_memory_win.cc(73)] ReadMemory at 0x7ffed8837e40 of 384 bytes failed: Only part of a ReadProcessMemory or WriteProcessMemory request was completed. (0x12B)
[0410/020734.722:ERROR:process_memory_win.cc(73)] ReadMemory at 0x7ffed88394c0 of 64 bytes failed: Only part of a ReadProcessMemory or WriteProcessMemory request was completed. (0x12B)
[0410/020734.739:ERROR:scoped_process_suspend.cc(40)] NtResumeProcess: An attempt was made to access an exiting process. (0xc000010a)
